ARM GAS  /tmp/ccJYurY2.s 			page 1


   1              		.cpu cortex-m7
   2              		.eabi_attribute 28, 1
   3              		.eabi_attribute 20, 1
   4              		.eabi_attribute 21, 1
   5              		.eabi_attribute 23, 3
   6              		.eabi_attribute 24, 1
   7              		.eabi_attribute 25, 1
   8              		.eabi_attribute 26, 1
   9              		.eabi_attribute 30, 1
  10              		.eabi_attribute 34, 1
  11              		.eabi_attribute 18, 4
  12              		.file	"diskio.c"
  13              		.text
  14              	.Ltext0:
  15              		.cfi_sections	.debug_frame
  16              		.section	.text.disk_status,"ax",%progbits
  17              		.align	1
  18              		.global	disk_status
  19              		.syntax unified
  20              		.thumb
  21              		.thumb_func
  22              		.fpu fpv5-d16
  24              	disk_status:
  25              	.LFB141:
  26              		.file 1 "Middlewares/Third_Party/FatFs/src/diskio.c"
   1:Middlewares/Third_Party/FatFs/src/diskio.c **** /*-----------------------------------------------------------------------*/
   2:Middlewares/Third_Party/FatFs/src/diskio.c **** /* Low level disk I/O module skeleton for FatFs     (C)ChaN, 2017        */
   3:Middlewares/Third_Party/FatFs/src/diskio.c **** /*                                                                       */
   4:Middlewares/Third_Party/FatFs/src/diskio.c **** /*   Portions COPYRIGHT 2017 STMicroelectronics                          */
   5:Middlewares/Third_Party/FatFs/src/diskio.c **** /*   Portions Copyright (C) 2017, ChaN, all right reserved               */
   6:Middlewares/Third_Party/FatFs/src/diskio.c **** /*-----------------------------------------------------------------------*/
   7:Middlewares/Third_Party/FatFs/src/diskio.c **** /* If a working storage control module is available, it should be        */
   8:Middlewares/Third_Party/FatFs/src/diskio.c **** /* attached to the FatFs via a glue function rather than modifying it.   */
   9:Middlewares/Third_Party/FatFs/src/diskio.c **** /* This is an example of glue functions to attach various existing      */
  10:Middlewares/Third_Party/FatFs/src/diskio.c **** /* storage control modules to the FatFs module with a defined API.       */
  11:Middlewares/Third_Party/FatFs/src/diskio.c **** /*-----------------------------------------------------------------------*/
  12:Middlewares/Third_Party/FatFs/src/diskio.c **** 
  13:Middlewares/Third_Party/FatFs/src/diskio.c **** /* Includes ------------------------------------------------------------------*/
  14:Middlewares/Third_Party/FatFs/src/diskio.c **** #include "diskio.h"
  15:Middlewares/Third_Party/FatFs/src/diskio.c **** #include "ff_gen_drv.h"
  16:Middlewares/Third_Party/FatFs/src/diskio.c **** 
  17:Middlewares/Third_Party/FatFs/src/diskio.c **** #if defined ( __GNUC__ )
  18:Middlewares/Third_Party/FatFs/src/diskio.c **** #ifndef __weak
  19:Middlewares/Third_Party/FatFs/src/diskio.c **** #define __weak __attribute__((weak))
  20:Middlewares/Third_Party/FatFs/src/diskio.c **** #endif
  21:Middlewares/Third_Party/FatFs/src/diskio.c **** #endif
  22:Middlewares/Third_Party/FatFs/src/diskio.c **** 
  23:Middlewares/Third_Party/FatFs/src/diskio.c **** /* Private typedef -----------------------------------------------------------*/
  24:Middlewares/Third_Party/FatFs/src/diskio.c **** /* Private define ------------------------------------------------------------*/
  25:Middlewares/Third_Party/FatFs/src/diskio.c **** /* Private variables ---------------------------------------------------------*/
  26:Middlewares/Third_Party/FatFs/src/diskio.c **** extern Disk_drvTypeDef  disk;
  27:Middlewares/Third_Party/FatFs/src/diskio.c **** 
  28:Middlewares/Third_Party/FatFs/src/diskio.c **** /* Private function prototypes -----------------------------------------------*/
  29:Middlewares/Third_Party/FatFs/src/diskio.c **** /* Private functions ---------------------------------------------------------*/
  30:Middlewares/Third_Party/FatFs/src/diskio.c **** 
  31:Middlewares/Third_Party/FatFs/src/diskio.c **** /**
  32:Middlewares/Third_Party/FatFs/src/diskio.c ****   * @brief  Gets Disk Status
ARM GAS  /tmp/ccJYurY2.s 			page 2


  33:Middlewares/Third_Party/FatFs/src/diskio.c ****   * @param  pdrv: Physical drive number (0..)
  34:Middlewares/Third_Party/FatFs/src/diskio.c ****   * @retval DSTATUS: Operation status
  35:Middlewares/Third_Party/FatFs/src/diskio.c ****   */
  36:Middlewares/Third_Party/FatFs/src/diskio.c **** DSTATUS disk_status (
  37:Middlewares/Third_Party/FatFs/src/diskio.c **** 	BYTE pdrv		/* Physical drive number to identify the drive */
  38:Middlewares/Third_Party/FatFs/src/diskio.c **** )
  39:Middlewares/Third_Party/FatFs/src/diskio.c **** {
  27              		.loc 1 39 0
  28              		.cfi_startproc
  29              		@ args = 0, pretend = 0, frame = 0
  30              		@ frame_needed = 0, uses_anonymous_args = 0
  31              	.LVL0:
  32 0000 08B5     		push	{r3, lr}
  33              	.LCFI0:
  34              		.cfi_def_cfa_offset 8
  35              		.cfi_offset 3, -8
  36              		.cfi_offset 14, -4
  40:Middlewares/Third_Party/FatFs/src/diskio.c ****   DSTATUS stat;
  41:Middlewares/Third_Party/FatFs/src/diskio.c **** 
  42:Middlewares/Third_Party/FatFs/src/diskio.c ****   stat = disk.drv[pdrv]->disk_status(disk.lun[pdrv]);
  37              		.loc 1 42 0
  38 0002 044B     		ldr	r3, .L3
  39 0004 03EB8002 		add	r2, r3, r0, lsl #2
  40 0008 5268     		ldr	r2, [r2, #4]
  41 000a 5268     		ldr	r2, [r2, #4]
  42 000c 0344     		add	r3, r3, r0
  43 000e 187A     		ldrb	r0, [r3, #8]	@ zero_extendqisi2
  44              	.LVL1:
  45 0010 9047     		blx	r2
  46              	.LVL2:
  43:Middlewares/Third_Party/FatFs/src/diskio.c ****   return stat;
  44:Middlewares/Third_Party/FatFs/src/diskio.c **** }
  47              		.loc 1 44 0
  48 0012 08BD     		pop	{r3, pc}
  49              	.L4:
  50              		.align	2
  51              	.L3:
  52 0014 00000000 		.word	disk
  53              		.cfi_endproc
  54              	.LFE141:
  56              		.section	.text.disk_initialize,"ax",%progbits
  57              		.align	1
  58              		.global	disk_initialize
  59              		.syntax unified
  60              		.thumb
  61              		.thumb_func
  62              		.fpu fpv5-d16
  64              	disk_initialize:
  65              	.LFB142:
  45:Middlewares/Third_Party/FatFs/src/diskio.c **** 
  46:Middlewares/Third_Party/FatFs/src/diskio.c **** /**
  47:Middlewares/Third_Party/FatFs/src/diskio.c ****   * @brief  Initializes a Drive
  48:Middlewares/Third_Party/FatFs/src/diskio.c ****   * @param  pdrv: Physical drive number (0..)
  49:Middlewares/Third_Party/FatFs/src/diskio.c ****   * @retval DSTATUS: Operation status
  50:Middlewares/Third_Party/FatFs/src/diskio.c ****   */
  51:Middlewares/Third_Party/FatFs/src/diskio.c **** DSTATUS disk_initialize (
  52:Middlewares/Third_Party/FatFs/src/diskio.c **** 	BYTE pdrv				/* Physical drive nmuber to identify the drive */
ARM GAS  /tmp/ccJYurY2.s 			page 3


  53:Middlewares/Third_Party/FatFs/src/diskio.c **** )
  54:Middlewares/Third_Party/FatFs/src/diskio.c **** {
  66              		.loc 1 54 0
  67              		.cfi_startproc
  68              		@ args = 0, pretend = 0, frame = 0
  69              		@ frame_needed = 0, uses_anonymous_args = 0
  70              	.LVL3:
  71 0000 08B5     		push	{r3, lr}
  72              	.LCFI1:
  73              		.cfi_def_cfa_offset 8
  74              		.cfi_offset 3, -8
  75              		.cfi_offset 14, -4
  76              	.LVL4:
  55:Middlewares/Third_Party/FatFs/src/diskio.c ****   DSTATUS stat = RES_OK;
  56:Middlewares/Third_Party/FatFs/src/diskio.c **** 
  57:Middlewares/Third_Party/FatFs/src/diskio.c ****   if(disk.is_initialized[pdrv] == 0)
  77              		.loc 1 57 0
  78 0002 084B     		ldr	r3, .L9
  79 0004 1B5C     		ldrb	r3, [r3, r0]	@ zero_extendqisi2
  80 0006 53B9     		cbnz	r3, .L7
  58:Middlewares/Third_Party/FatFs/src/diskio.c ****   {
  59:Middlewares/Third_Party/FatFs/src/diskio.c ****     disk.is_initialized[pdrv] = 1;
  81              		.loc 1 59 0
  82 0008 064B     		ldr	r3, .L9
  83 000a 0122     		movs	r2, #1
  84 000c 1A54     		strb	r2, [r3, r0]
  60:Middlewares/Third_Party/FatFs/src/diskio.c ****     stat = disk.drv[pdrv]->disk_initialize(disk.lun[pdrv]);
  85              		.loc 1 60 0
  86 000e 03EB8002 		add	r2, r3, r0, lsl #2
  87 0012 5268     		ldr	r2, [r2, #4]
  88 0014 1268     		ldr	r2, [r2]
  89 0016 1844     		add	r0, r0, r3
  90              	.LVL5:
  91 0018 007A     		ldrb	r0, [r0, #8]	@ zero_extendqisi2
  92 001a 9047     		blx	r2
  93              	.LVL6:
  94              	.L6:
  61:Middlewares/Third_Party/FatFs/src/diskio.c ****   }
  62:Middlewares/Third_Party/FatFs/src/diskio.c ****   return stat;
  63:Middlewares/Third_Party/FatFs/src/diskio.c **** }
  95              		.loc 1 63 0
  96 001c 08BD     		pop	{r3, pc}
  97              	.LVL7:
  98              	.L7:
  55:Middlewares/Third_Party/FatFs/src/diskio.c **** 
  99              		.loc 1 55 0
 100 001e 0020     		movs	r0, #0
 101              	.LVL8:
 102 0020 FCE7     		b	.L6
 103              	.L10:
 104 0022 00BF     		.align	2
 105              	.L9:
 106 0024 00000000 		.word	disk
 107              		.cfi_endproc
 108              	.LFE142:
 110              		.section	.text.disk_read,"ax",%progbits
 111              		.align	1
ARM GAS  /tmp/ccJYurY2.s 			page 4


 112              		.global	disk_read
 113              		.syntax unified
 114              		.thumb
 115              		.thumb_func
 116              		.fpu fpv5-d16
 118              	disk_read:
 119              	.LFB143:
  64:Middlewares/Third_Party/FatFs/src/diskio.c **** 
  65:Middlewares/Third_Party/FatFs/src/diskio.c **** /**
  66:Middlewares/Third_Party/FatFs/src/diskio.c ****   * @brief  Reads Sector(s)
  67:Middlewares/Third_Party/FatFs/src/diskio.c ****   * @param  pdrv: Physical drive number (0..)
  68:Middlewares/Third_Party/FatFs/src/diskio.c ****   * @param  *buff: Data buffer to store read data
  69:Middlewares/Third_Party/FatFs/src/diskio.c ****   * @param  sector: Sector address (LBA)
  70:Middlewares/Third_Party/FatFs/src/diskio.c ****   * @param  count: Number of sectors to read (1..128)
  71:Middlewares/Third_Party/FatFs/src/diskio.c ****   * @retval DRESULT: Operation result
  72:Middlewares/Third_Party/FatFs/src/diskio.c ****   */
  73:Middlewares/Third_Party/FatFs/src/diskio.c **** DRESULT disk_read (
  74:Middlewares/Third_Party/FatFs/src/diskio.c **** 	BYTE pdrv,		/* Physical drive nmuber to identify the drive */
  75:Middlewares/Third_Party/FatFs/src/diskio.c **** 	BYTE *buff,		/* Data buffer to store read data */
  76:Middlewares/Third_Party/FatFs/src/diskio.c **** 	DWORD sector,	        /* Sector address in LBA */
  77:Middlewares/Third_Party/FatFs/src/diskio.c **** 	UINT count		/* Number of sectors to read */
  78:Middlewares/Third_Party/FatFs/src/diskio.c **** )
  79:Middlewares/Third_Party/FatFs/src/diskio.c **** {
 120              		.loc 1 79 0
 121              		.cfi_startproc
 122              		@ args = 0, pretend = 0, frame = 0
 123              		@ frame_needed = 0, uses_anonymous_args = 0
 124              	.LVL9:
 125 0000 38B5     		push	{r3, r4, r5, lr}
 126              	.LCFI2:
 127              		.cfi_def_cfa_offset 16
 128              		.cfi_offset 3, -16
 129              		.cfi_offset 4, -12
 130              		.cfi_offset 5, -8
 131              		.cfi_offset 14, -4
  80:Middlewares/Third_Party/FatFs/src/diskio.c ****   DRESULT res;
  81:Middlewares/Third_Party/FatFs/src/diskio.c **** 
  82:Middlewares/Third_Party/FatFs/src/diskio.c ****   res = disk.drv[pdrv]->disk_read(disk.lun[pdrv], buff, sector, count);
 132              		.loc 1 82 0
 133 0002 044C     		ldr	r4, .L13
 134 0004 04EB8005 		add	r5, r4, r0, lsl #2
 135 0008 6D68     		ldr	r5, [r5, #4]
 136 000a AD68     		ldr	r5, [r5, #8]
 137 000c 0444     		add	r4, r4, r0
 138 000e 207A     		ldrb	r0, [r4, #8]	@ zero_extendqisi2
 139              	.LVL10:
 140 0010 A847     		blx	r5
 141              	.LVL11:
  83:Middlewares/Third_Party/FatFs/src/diskio.c ****   return res;
  84:Middlewares/Third_Party/FatFs/src/diskio.c **** }
 142              		.loc 1 84 0
 143 0012 38BD     		pop	{r3, r4, r5, pc}
 144              	.L14:
 145              		.align	2
 146              	.L13:
 147 0014 00000000 		.word	disk
 148              		.cfi_endproc
ARM GAS  /tmp/ccJYurY2.s 			page 5


 149              	.LFE143:
 151              		.section	.text.disk_write,"ax",%progbits
 152              		.align	1
 153              		.global	disk_write
 154              		.syntax unified
 155              		.thumb
 156              		.thumb_func
 157              		.fpu fpv5-d16
 159              	disk_write:
 160              	.LFB144:
  85:Middlewares/Third_Party/FatFs/src/diskio.c **** 
  86:Middlewares/Third_Party/FatFs/src/diskio.c **** /**
  87:Middlewares/Third_Party/FatFs/src/diskio.c ****   * @brief  Writes Sector(s)
  88:Middlewares/Third_Party/FatFs/src/diskio.c ****   * @param  pdrv: Physical drive number (0..)
  89:Middlewares/Third_Party/FatFs/src/diskio.c ****   * @param  *buff: Data to be written
  90:Middlewares/Third_Party/FatFs/src/diskio.c ****   * @param  sector: Sector address (LBA)
  91:Middlewares/Third_Party/FatFs/src/diskio.c ****   * @param  count: Number of sectors to write (1..128)
  92:Middlewares/Third_Party/FatFs/src/diskio.c ****   * @retval DRESULT: Operation result
  93:Middlewares/Third_Party/FatFs/src/diskio.c ****   */
  94:Middlewares/Third_Party/FatFs/src/diskio.c **** #if _USE_WRITE == 1
  95:Middlewares/Third_Party/FatFs/src/diskio.c **** DRESULT disk_write (
  96:Middlewares/Third_Party/FatFs/src/diskio.c **** 	BYTE pdrv,		/* Physical drive nmuber to identify the drive */
  97:Middlewares/Third_Party/FatFs/src/diskio.c **** 	const BYTE *buff,	/* Data to be written */
  98:Middlewares/Third_Party/FatFs/src/diskio.c **** 	DWORD sector,		/* Sector address in LBA */
  99:Middlewares/Third_Party/FatFs/src/diskio.c **** 	UINT count        	/* Number of sectors to write */
 100:Middlewares/Third_Party/FatFs/src/diskio.c **** )
 101:Middlewares/Third_Party/FatFs/src/diskio.c **** {
 161              		.loc 1 101 0
 162              		.cfi_startproc
 163              		@ args = 0, pretend = 0, frame = 0
 164              		@ frame_needed = 0, uses_anonymous_args = 0
 165              	.LVL12:
 166 0000 38B5     		push	{r3, r4, r5, lr}
 167              	.LCFI3:
 168              		.cfi_def_cfa_offset 16
 169              		.cfi_offset 3, -16
 170              		.cfi_offset 4, -12
 171              		.cfi_offset 5, -8
 172              		.cfi_offset 14, -4
 102:Middlewares/Third_Party/FatFs/src/diskio.c ****   DRESULT res;
 103:Middlewares/Third_Party/FatFs/src/diskio.c **** 
 104:Middlewares/Third_Party/FatFs/src/diskio.c ****   res = disk.drv[pdrv]->disk_write(disk.lun[pdrv], buff, sector, count);
 173              		.loc 1 104 0
 174 0002 044C     		ldr	r4, .L17
 175 0004 04EB8005 		add	r5, r4, r0, lsl #2
 176 0008 6D68     		ldr	r5, [r5, #4]
 177 000a ED68     		ldr	r5, [r5, #12]
 178 000c 0444     		add	r4, r4, r0
 179 000e 207A     		ldrb	r0, [r4, #8]	@ zero_extendqisi2
 180              	.LVL13:
 181 0010 A847     		blx	r5
 182              	.LVL14:
 105:Middlewares/Third_Party/FatFs/src/diskio.c ****   return res;
 106:Middlewares/Third_Party/FatFs/src/diskio.c **** }
 183              		.loc 1 106 0
 184 0012 38BD     		pop	{r3, r4, r5, pc}
 185              	.L18:
ARM GAS  /tmp/ccJYurY2.s 			page 6


 186              		.align	2
 187              	.L17:
 188 0014 00000000 		.word	disk
 189              		.cfi_endproc
 190              	.LFE144:
 192              		.section	.text.disk_ioctl,"ax",%progbits
 193              		.align	1
 194              		.global	disk_ioctl
 195              		.syntax unified
 196              		.thumb
 197              		.thumb_func
 198              		.fpu fpv5-d16
 200              	disk_ioctl:
 201              	.LFB145:
 107:Middlewares/Third_Party/FatFs/src/diskio.c **** #endif /* _USE_WRITE == 1 */
 108:Middlewares/Third_Party/FatFs/src/diskio.c **** 
 109:Middlewares/Third_Party/FatFs/src/diskio.c **** /**
 110:Middlewares/Third_Party/FatFs/src/diskio.c ****   * @brief  I/O control operation
 111:Middlewares/Third_Party/FatFs/src/diskio.c ****   * @param  pdrv: Physical drive number (0..)
 112:Middlewares/Third_Party/FatFs/src/diskio.c ****   * @param  cmd: Control code
 113:Middlewares/Third_Party/FatFs/src/diskio.c ****   * @param  *buff: Buffer to send/receive control data
 114:Middlewares/Third_Party/FatFs/src/diskio.c ****   * @retval DRESULT: Operation result
 115:Middlewares/Third_Party/FatFs/src/diskio.c ****   */
 116:Middlewares/Third_Party/FatFs/src/diskio.c **** #if _USE_IOCTL == 1
 117:Middlewares/Third_Party/FatFs/src/diskio.c **** DRESULT disk_ioctl (
 118:Middlewares/Third_Party/FatFs/src/diskio.c **** 	BYTE pdrv,		/* Physical drive nmuber (0..) */
 119:Middlewares/Third_Party/FatFs/src/diskio.c **** 	BYTE cmd,		/* Control code */
 120:Middlewares/Third_Party/FatFs/src/diskio.c **** 	void *buff		/* Buffer to send/receive control data */
 121:Middlewares/Third_Party/FatFs/src/diskio.c **** )
 122:Middlewares/Third_Party/FatFs/src/diskio.c **** {
 202              		.loc 1 122 0
 203              		.cfi_startproc
 204              		@ args = 0, pretend = 0, frame = 0
 205              		@ frame_needed = 0, uses_anonymous_args = 0
 206              	.LVL15:
 207 0000 10B5     		push	{r4, lr}
 208              	.LCFI4:
 209              		.cfi_def_cfa_offset 8
 210              		.cfi_offset 4, -8
 211              		.cfi_offset 14, -4
 123:Middlewares/Third_Party/FatFs/src/diskio.c ****   DRESULT res;
 124:Middlewares/Third_Party/FatFs/src/diskio.c **** 
 125:Middlewares/Third_Party/FatFs/src/diskio.c ****   res = disk.drv[pdrv]->disk_ioctl(disk.lun[pdrv], cmd, buff);
 212              		.loc 1 125 0
 213 0002 044B     		ldr	r3, .L21
 214 0004 03EB8004 		add	r4, r3, r0, lsl #2
 215 0008 6468     		ldr	r4, [r4, #4]
 216 000a 2469     		ldr	r4, [r4, #16]
 217 000c 0344     		add	r3, r3, r0
 218 000e 187A     		ldrb	r0, [r3, #8]	@ zero_extendqisi2
 219              	.LVL16:
 220 0010 A047     		blx	r4
 221              	.LVL17:
 126:Middlewares/Third_Party/FatFs/src/diskio.c ****   return res;
 127:Middlewares/Third_Party/FatFs/src/diskio.c **** }
 222              		.loc 1 127 0
 223 0012 10BD     		pop	{r4, pc}
ARM GAS  /tmp/ccJYurY2.s 			page 7


 224              	.L22:
 225              		.align	2
 226              	.L21:
 227 0014 00000000 		.word	disk
 228              		.cfi_endproc
 229              	.LFE145:
 231              		.section	.text.get_fattime,"ax",%progbits
 232              		.align	1
 233              		.weak	get_fattime
 234              		.syntax unified
 235              		.thumb
 236              		.thumb_func
 237              		.fpu fpv5-d16
 239              	get_fattime:
 240              	.LFB146:
 128:Middlewares/Third_Party/FatFs/src/diskio.c **** #endif /* _USE_IOCTL == 1 */
 129:Middlewares/Third_Party/FatFs/src/diskio.c **** 
 130:Middlewares/Third_Party/FatFs/src/diskio.c **** /**
 131:Middlewares/Third_Party/FatFs/src/diskio.c ****   * @brief  Gets Time from RTC
 132:Middlewares/Third_Party/FatFs/src/diskio.c ****   * @param  None
 133:Middlewares/Third_Party/FatFs/src/diskio.c ****   * @retval Time in DWORD
 134:Middlewares/Third_Party/FatFs/src/diskio.c ****   */
 135:Middlewares/Third_Party/FatFs/src/diskio.c **** __weak DWORD get_fattime (void)
 136:Middlewares/Third_Party/FatFs/src/diskio.c **** {
 241              		.loc 1 136 0
 242              		.cfi_startproc
 243              		@ args = 0, pretend = 0, frame = 0
 244              		@ frame_needed = 0, uses_anonymous_args = 0
 245              		@ link register save eliminated.
 137:Middlewares/Third_Party/FatFs/src/diskio.c ****   return 0;
 138:Middlewares/Third_Party/FatFs/src/diskio.c **** }
 246              		.loc 1 138 0
 247 0000 0020     		movs	r0, #0
 248 0002 7047     		bx	lr
 249              		.cfi_endproc
 250              	.LFE146:
 252              		.text
 253              	.Letext0:
 254              		.file 2 "Middlewares/Third_Party/FatFs/src/integer.h"
 255              		.file 3 "Middlewares/Third_Party/FatFs/src/diskio.h"
 256              		.file 4 "/usr/include/newlib/machine/_default_types.h"
 257              		.file 5 "/usr/include/newlib/sys/_stdint.h"
 258              		.file 6 "Drivers/CMSIS/Include/core_cm7.h"
 259              		.file 7 "Drivers/CMSIS/Device/ST/STM32H7xx/Include/system_stm32h7xx.h"
 260              		.file 8 "/usr/include/newlib/sys/lock.h"
 261              		.file 9 "/usr/include/newlib/sys/_types.h"
 262              		.file 10 "/usr/lib/gcc/arm-none-eabi/7.3.1/include/stddef.h"
 263              		.file 11 "/usr/include/newlib/sys/reent.h"
 264              		.file 12 "/usr/include/newlib/math.h"
 265              		.file 13 "Drivers/STM32H7xx_HAL_Driver/Inc/stm32h7xx_hal_def.h"
 266              		.file 14 "Drivers/STM32H7xx_HAL_Driver/Inc/stm32h7xx_hal_flash.h"
 267              		.file 15 "Drivers/STM32H7xx_HAL_Driver/Inc/stm32h7xx_hal.h"
 268              		.file 16 "/usr/include/newlib/stdlib.h"
 269              		.file 17 "Middlewares/Third_Party/FatFs/src/ff_gen_drv.h"
 270              		.file 18 "Core/Inc/main.h"
ARM GAS  /tmp/ccJYurY2.s 			page 8


DEFINED SYMBOLS
                            *ABS*:0000000000000000 diskio.c
     /tmp/ccJYurY2.s:17     .text.disk_status:0000000000000000 $t
     /tmp/ccJYurY2.s:24     .text.disk_status:0000000000000000 disk_status
     /tmp/ccJYurY2.s:52     .text.disk_status:0000000000000014 $d
     /tmp/ccJYurY2.s:57     .text.disk_initialize:0000000000000000 $t
     /tmp/ccJYurY2.s:64     .text.disk_initialize:0000000000000000 disk_initialize
     /tmp/ccJYurY2.s:106    .text.disk_initialize:0000000000000024 $d
     /tmp/ccJYurY2.s:111    .text.disk_read:0000000000000000 $t
     /tmp/ccJYurY2.s:118    .text.disk_read:0000000000000000 disk_read
     /tmp/ccJYurY2.s:147    .text.disk_read:0000000000000014 $d
     /tmp/ccJYurY2.s:152    .text.disk_write:0000000000000000 $t
     /tmp/ccJYurY2.s:159    .text.disk_write:0000000000000000 disk_write
     /tmp/ccJYurY2.s:188    .text.disk_write:0000000000000014 $d
     /tmp/ccJYurY2.s:193    .text.disk_ioctl:0000000000000000 $t
     /tmp/ccJYurY2.s:200    .text.disk_ioctl:0000000000000000 disk_ioctl
     /tmp/ccJYurY2.s:227    .text.disk_ioctl:0000000000000014 $d
     /tmp/ccJYurY2.s:232    .text.get_fattime:0000000000000000 $t
     /tmp/ccJYurY2.s:239    .text.get_fattime:0000000000000000 get_fattime

UNDEFINED SYMBOLS
disk
