ARM GAS  /tmp/ccfMrpUT.s 			page 1


   1              		.cpu cortex-m7
   2              		.eabi_attribute 28, 1
   3              		.eabi_attribute 20, 1
   4              		.eabi_attribute 21, 1
   5              		.eabi_attribute 23, 3
   6              		.eabi_attribute 24, 1
   7              		.eabi_attribute 25, 1
   8              		.eabi_attribute 26, 1
   9              		.eabi_attribute 30, 1
  10              		.eabi_attribute 34, 1
  11              		.eabi_attribute 18, 4
  12              		.file	"fatfs.c"
  13              		.text
  14              	.Ltext0:
  15              		.cfi_sections	.debug_frame
  16              		.section	.text.MX_FATFS_Init,"ax",%progbits
  17              		.align	1
  18              		.global	MX_FATFS_Init
  19              		.syntax unified
  20              		.thumb
  21              		.thumb_func
  22              		.fpu fpv5-d16
  24              	MX_FATFS_Init:
  25              	.LFB141:
  26              		.file 1 "FATFS/App/fatfs.c"
   1:FATFS/App/fatfs.c **** /**
   2:FATFS/App/fatfs.c ****   ******************************************************************************
   3:FATFS/App/fatfs.c ****   * @file   fatfs.c
   4:FATFS/App/fatfs.c ****   * @brief  Code for fatfs applications
   5:FATFS/App/fatfs.c ****   ******************************************************************************
   6:FATFS/App/fatfs.c ****   * @attention
   7:FATFS/App/fatfs.c ****   *
   8:FATFS/App/fatfs.c ****   * <h2><center>&copy; Copyright (c) 2021 STMicroelectronics.
   9:FATFS/App/fatfs.c ****   * All rights reserved.</center></h2>
  10:FATFS/App/fatfs.c ****   *
  11:FATFS/App/fatfs.c ****   * This software component is licensed by ST under Ultimate Liberty license
  12:FATFS/App/fatfs.c ****   * SLA0044, the "License"; You may not use this file except in compliance with
  13:FATFS/App/fatfs.c ****   * the License. You may obtain a copy of the License at:
  14:FATFS/App/fatfs.c ****   *                             www.st.com/SLA0044
  15:FATFS/App/fatfs.c ****   *
  16:FATFS/App/fatfs.c ****   ******************************************************************************
  17:FATFS/App/fatfs.c ****   */
  18:FATFS/App/fatfs.c **** 
  19:FATFS/App/fatfs.c **** #include "fatfs.h"
  20:FATFS/App/fatfs.c **** 
  21:FATFS/App/fatfs.c **** uint8_t retSD;    /* Return value for SD */
  22:FATFS/App/fatfs.c **** char SDPath[4];   /* SD logical drive path */
  23:FATFS/App/fatfs.c **** FATFS SDFatFS;    /* File system object for SD logical drive */
  24:FATFS/App/fatfs.c **** FIL SDFile;       /* File object for SD */
  25:FATFS/App/fatfs.c **** 
  26:FATFS/App/fatfs.c **** /* USER CODE BEGIN Variables */
  27:FATFS/App/fatfs.c **** 
  28:FATFS/App/fatfs.c **** /* USER CODE END Variables */
  29:FATFS/App/fatfs.c **** 
  30:FATFS/App/fatfs.c **** void MX_FATFS_Init(void)
  31:FATFS/App/fatfs.c **** {
  27              		.loc 1 31 0
ARM GAS  /tmp/ccfMrpUT.s 			page 2


  28              		.cfi_startproc
  29              		@ args = 0, pretend = 0, frame = 0
  30              		@ frame_needed = 0, uses_anonymous_args = 0
  31 0000 08B5     		push	{r3, lr}
  32              	.LCFI0:
  33              		.cfi_def_cfa_offset 8
  34              		.cfi_offset 3, -8
  35              		.cfi_offset 14, -4
  32:FATFS/App/fatfs.c ****   /*## FatFS: Link the SD driver ###########################*/
  33:FATFS/App/fatfs.c ****   retSD = FATFS_LinkDriver(&SD_Driver, SDPath);
  36              		.loc 1 33 0
  37 0002 0349     		ldr	r1, .L3
  38 0004 0348     		ldr	r0, .L3+4
  39 0006 FFF7FEFF 		bl	FATFS_LinkDriver
  40              	.LVL0:
  41 000a 034B     		ldr	r3, .L3+8
  42 000c 1870     		strb	r0, [r3]
  34:FATFS/App/fatfs.c **** 
  35:FATFS/App/fatfs.c ****   /* USER CODE BEGIN Init */
  36:FATFS/App/fatfs.c ****   /* additional user code for init */
  37:FATFS/App/fatfs.c ****   /* USER CODE END Init */
  38:FATFS/App/fatfs.c **** }
  43              		.loc 1 38 0
  44 000e 08BD     		pop	{r3, pc}
  45              	.L4:
  46              		.align	2
  47              	.L3:
  48 0010 00000000 		.word	SDPath
  49 0014 00000000 		.word	SD_Driver
  50 0018 00000000 		.word	retSD
  51              		.cfi_endproc
  52              	.LFE141:
  54              		.section	.text.get_fattime,"ax",%progbits
  55              		.align	1
  56              		.global	get_fattime
  57              		.syntax unified
  58              		.thumb
  59              		.thumb_func
  60              		.fpu fpv5-d16
  62              	get_fattime:
  63              	.LFB142:
  39:FATFS/App/fatfs.c **** 
  40:FATFS/App/fatfs.c **** /**
  41:FATFS/App/fatfs.c ****   * @brief  Gets Time from RTC
  42:FATFS/App/fatfs.c ****   * @param  None
  43:FATFS/App/fatfs.c ****   * @retval Time in DWORD
  44:FATFS/App/fatfs.c ****   */
  45:FATFS/App/fatfs.c **** DWORD get_fattime(void)
  46:FATFS/App/fatfs.c **** {
  64              		.loc 1 46 0
  65              		.cfi_startproc
  66              		@ args = 0, pretend = 0, frame = 0
  67              		@ frame_needed = 0, uses_anonymous_args = 0
  68              		@ link register save eliminated.
  47:FATFS/App/fatfs.c ****   /* USER CODE BEGIN get_fattime */
  48:FATFS/App/fatfs.c ****   return 0;
  49:FATFS/App/fatfs.c ****   /* USER CODE END get_fattime */
ARM GAS  /tmp/ccfMrpUT.s 			page 3


  50:FATFS/App/fatfs.c **** }
  69              		.loc 1 50 0
  70 0000 0020     		movs	r0, #0
  71 0002 7047     		bx	lr
  72              		.cfi_endproc
  73              	.LFE142:
  75              		.comm	SDFile,560,4
  76              		.comm	SDFatFS,560,4
  77              		.comm	SDPath,4,4
  78              		.comm	retSD,1,1
  79              		.text
  80              	.Letext0:
  81              		.file 2 "Middlewares/Third_Party/FatFs/src/integer.h"
  82              		.file 3 "/usr/include/newlib/machine/_default_types.h"
  83              		.file 4 "/usr/include/newlib/sys/_stdint.h"
  84              		.file 5 "Drivers/CMSIS/Include/core_cm7.h"
  85              		.file 6 "Drivers/CMSIS/Device/ST/STM32H7xx/Include/system_stm32h7xx.h"
  86              		.file 7 "/usr/include/newlib/sys/lock.h"
  87              		.file 8 "/usr/include/newlib/sys/_types.h"
  88              		.file 9 "/usr/lib/gcc/arm-none-eabi/7.3.1/include/stddef.h"
  89              		.file 10 "/usr/include/newlib/sys/reent.h"
  90              		.file 11 "/usr/include/newlib/math.h"
  91              		.file 12 "Drivers/STM32H7xx_HAL_Driver/Inc/stm32h7xx_hal_def.h"
  92              		.file 13 "Drivers/STM32H7xx_HAL_Driver/Inc/stm32h7xx_hal_flash.h"
  93              		.file 14 "Drivers/STM32H7xx_HAL_Driver/Inc/stm32h7xx_hal.h"
  94              		.file 15 "/usr/include/newlib/stdlib.h"
  95              		.file 16 "Middlewares/Third_Party/FatFs/src/ff.h"
  96              		.file 17 "Middlewares/Third_Party/FatFs/src/diskio.h"
  97              		.file 18 "Middlewares/Third_Party/FatFs/src/ff_gen_drv.h"
  98              		.file 19 "FATFS/Target/sd_diskio.h"
  99              		.file 20 "FATFS/App/fatfs.h"
 100              		.file 21 "Core/Inc/main.h"
ARM GAS  /tmp/ccfMrpUT.s 			page 4


DEFINED SYMBOLS
                            *ABS*:0000000000000000 fatfs.c
     /tmp/ccfMrpUT.s:17     .text.MX_FATFS_Init:0000000000000000 $t
     /tmp/ccfMrpUT.s:24     .text.MX_FATFS_Init:0000000000000000 MX_FATFS_Init
     /tmp/ccfMrpUT.s:48     .text.MX_FATFS_Init:0000000000000010 $d
                            *COM*:0000000000000004 SDPath
                            *COM*:0000000000000001 retSD
     /tmp/ccfMrpUT.s:55     .text.get_fattime:0000000000000000 $t
     /tmp/ccfMrpUT.s:62     .text.get_fattime:0000000000000000 get_fattime
                            *COM*:0000000000000230 SDFile
                            *COM*:0000000000000230 SDFatFS

UNDEFINED SYMBOLS
FATFS_LinkDriver
SD_Driver
