ARM GAS  /tmp/ccBYMyD3.s 			page 1


   1              		.cpu cortex-m7
   2              		.eabi_attribute 28, 1
   3              		.eabi_attribute 20, 1
   4              		.eabi_attribute 21, 1
   5              		.eabi_attribute 23, 3
   6              		.eabi_attribute 24, 1
   7              		.eabi_attribute 25, 1
   8              		.eabi_attribute 26, 1
   9              		.eabi_attribute 30, 1
  10              		.eabi_attribute 34, 1
  11              		.eabi_attribute 18, 4
  12              		.file	"fatfs_platform.c"
  13              		.text
  14              	.Ltext0:
  15              		.cfi_sections	.debug_frame
  16              		.section	.text.BSP_PlatformIsDetected,"ax",%progbits
  17              		.align	1
  18              		.global	BSP_PlatformIsDetected
  19              		.syntax unified
  20              		.thumb
  21              		.thumb_func
  22              		.fpu fpv5-d16
  24              	BSP_PlatformIsDetected:
  25              	.LFB141:
  26              		.file 1 "FATFS/Target/fatfs_platform.c"
   1:FATFS/Target/fatfs_platform.c **** /**
   2:FATFS/Target/fatfs_platform.c ****   ******************************************************************************
   3:FATFS/Target/fatfs_platform.c ****   * @file           : fatfs_platform.c
   4:FATFS/Target/fatfs_platform.c ****   * @brief          : fatfs_platform source file
   5:FATFS/Target/fatfs_platform.c ****   ******************************************************************************
   6:FATFS/Target/fatfs_platform.c ****   * @attention
   7:FATFS/Target/fatfs_platform.c ****   *
   8:FATFS/Target/fatfs_platform.c ****   * <h2><center>&copy; Copyright (c) 2021 STMicroelectronics.
   9:FATFS/Target/fatfs_platform.c ****   * All rights reserved.</center></h2>
  10:FATFS/Target/fatfs_platform.c ****   *
  11:FATFS/Target/fatfs_platform.c ****   * This software component is licensed by ST under Ultimate Liberty license
  12:FATFS/Target/fatfs_platform.c ****   * SLA0044, the "License"; You may not use this file except in compliance with
  13:FATFS/Target/fatfs_platform.c ****   * the License. You may obtain a copy of the License at:
  14:FATFS/Target/fatfs_platform.c ****   *                             www.st.com/SLA0044
  15:FATFS/Target/fatfs_platform.c ****   *
  16:FATFS/Target/fatfs_platform.c ****   ******************************************************************************
  17:FATFS/Target/fatfs_platform.c **** */
  18:FATFS/Target/fatfs_platform.c **** #include "fatfs_platform.h"
  19:FATFS/Target/fatfs_platform.c **** 
  20:FATFS/Target/fatfs_platform.c **** uint8_t	BSP_PlatformIsDetected(void) {
  27              		.loc 1 20 0
  28              		.cfi_startproc
  29              		@ args = 0, pretend = 0, frame = 0
  30              		@ frame_needed = 0, uses_anonymous_args = 0
  31 0000 08B5     		push	{r3, lr}
  32              	.LCFI0:
  33              		.cfi_def_cfa_offset 8
  34              		.cfi_offset 3, -8
  35              		.cfi_offset 14, -4
  36              	.LVL0:
  21:FATFS/Target/fatfs_platform.c ****     uint8_t status = SD_PRESENT;
  22:FATFS/Target/fatfs_platform.c ****     /* Check SD card detect pin */
ARM GAS  /tmp/ccBYMyD3.s 			page 2


  23:FATFS/Target/fatfs_platform.c ****     if(HAL_GPIO_ReadPin(SD_DETECT_GPIO_PORT, SD_DETECT_PIN) != GPIO_PIN_RESET)
  37              		.loc 1 23 0
  38 0002 0121     		movs	r1, #1
  39 0004 0348     		ldr	r0, .L6
  40 0006 FFF7FEFF 		bl	HAL_GPIO_ReadPin
  41              	.LVL1:
  42 000a 08B1     		cbz	r0, .L5
  24:FATFS/Target/fatfs_platform.c ****     {
  25:FATFS/Target/fatfs_platform.c ****         status = SD_NOT_PRESENT;
  43              		.loc 1 25 0
  44 000c 0020     		movs	r0, #0
  45              	.L2:
  46              	.LVL2:
  26:FATFS/Target/fatfs_platform.c ****     }
  27:FATFS/Target/fatfs_platform.c ****     /* USER CODE BEGIN 1 */
  28:FATFS/Target/fatfs_platform.c ****     /* user code can be inserted here */
  29:FATFS/Target/fatfs_platform.c ****     /* USER CODE END 1 */
  30:FATFS/Target/fatfs_platform.c ****     return status;
  31:FATFS/Target/fatfs_platform.c **** }
  47              		.loc 1 31 0
  48 000e 08BD     		pop	{r3, pc}
  49              	.LVL3:
  50              	.L5:
  21:FATFS/Target/fatfs_platform.c ****     /* Check SD card detect pin */
  51              		.loc 1 21 0
  52 0010 0120     		movs	r0, #1
  53 0012 FCE7     		b	.L2
  54              	.L7:
  55              		.align	2
  56              	.L6:
  57 0014 000C0258 		.word	1476529152
  58              		.cfi_endproc
  59              	.LFE141:
  61              		.text
  62              	.Letext0:
  63              		.file 2 "/usr/include/newlib/machine/_default_types.h"
  64              		.file 3 "/usr/include/newlib/sys/_stdint.h"
  65              		.file 4 "Drivers/CMSIS/Include/core_cm7.h"
  66              		.file 5 "Drivers/CMSIS/Device/ST/STM32H7xx/Include/system_stm32h7xx.h"
  67              		.file 6 "Drivers/CMSIS/Device/ST/STM32H7xx/Include/stm32h723xx.h"
  68              		.file 7 "/usr/include/newlib/sys/lock.h"
  69              		.file 8 "/usr/include/newlib/sys/_types.h"
  70              		.file 9 "/usr/lib/gcc/arm-none-eabi/7.3.1/include/stddef.h"
  71              		.file 10 "/usr/include/newlib/sys/reent.h"
  72              		.file 11 "/usr/include/newlib/math.h"
  73              		.file 12 "Drivers/STM32H7xx_HAL_Driver/Inc/stm32h7xx_hal_def.h"
  74              		.file 13 "Drivers/STM32H7xx_HAL_Driver/Inc/stm32h7xx_hal_gpio.h"
  75              		.file 14 "Drivers/STM32H7xx_HAL_Driver/Inc/stm32h7xx_hal_flash.h"
  76              		.file 15 "Drivers/STM32H7xx_HAL_Driver/Inc/stm32h7xx_hal.h"
ARM GAS  /tmp/ccBYMyD3.s 			page 3


DEFINED SYMBOLS
                            *ABS*:0000000000000000 fatfs_platform.c
     /tmp/ccBYMyD3.s:17     .text.BSP_PlatformIsDetected:0000000000000000 $t
     /tmp/ccBYMyD3.s:24     .text.BSP_PlatformIsDetected:0000000000000000 BSP_PlatformIsDetected
     /tmp/ccBYMyD3.s:57     .text.BSP_PlatformIsDetected:0000000000000014 $d

UNDEFINED SYMBOLS
HAL_GPIO_ReadPin
