ARM GAS  /tmp/ccZgx1r7.s 			page 1


   1              		.cpu cortex-m7
   2              		.eabi_attribute 28, 1
   3              		.eabi_attribute 20, 1
   4              		.eabi_attribute 21, 1
   5              		.eabi_attribute 23, 3
   6              		.eabi_attribute 24, 1
   7              		.eabi_attribute 25, 1
   8              		.eabi_attribute 26, 1
   9              		.eabi_attribute 30, 1
  10              		.eabi_attribute 34, 1
  11              		.eabi_attribute 18, 4
  12              		.file	"ff_gen_drv.c"
  13              		.text
  14              	.Ltext0:
  15              		.cfi_sections	.debug_frame
  16              		.section	.text.FATFS_LinkDriverEx,"ax",%progbits
  17              		.align	1
  18              		.global	FATFS_LinkDriverEx
  19              		.syntax unified
  20              		.thumb
  21              		.thumb_func
  22              		.fpu fpv5-d16
  24              	FATFS_LinkDriverEx:
  25              	.LFB141:
  26              		.file 1 "Middlewares/Third_Party/FatFs/src/ff_gen_drv.c"
   1:Middlewares/Third_Party/FatFs/src/ff_gen_drv.c **** /**
   2:Middlewares/Third_Party/FatFs/src/ff_gen_drv.c ****   ******************************************************************************
   3:Middlewares/Third_Party/FatFs/src/ff_gen_drv.c ****   * @file    ff_gen_drv.c
   4:Middlewares/Third_Party/FatFs/src/ff_gen_drv.c ****   * @author  MCD Application Team
   5:Middlewares/Third_Party/FatFs/src/ff_gen_drv.c ****   * @brief   FatFs generic low level driver.
   6:Middlewares/Third_Party/FatFs/src/ff_gen_drv.c ****   *****************************************************************************
   7:Middlewares/Third_Party/FatFs/src/ff_gen_drv.c ****   * @attention
   8:Middlewares/Third_Party/FatFs/src/ff_gen_drv.c ****   *
   9:Middlewares/Third_Party/FatFs/src/ff_gen_drv.c ****   * Copyright (c) 2017 STMicroelectronics. All rights reserved.
  10:Middlewares/Third_Party/FatFs/src/ff_gen_drv.c ****   *
  11:Middlewares/Third_Party/FatFs/src/ff_gen_drv.c ****   * This software component is licensed by ST under BSD 3-Clause license,
  12:Middlewares/Third_Party/FatFs/src/ff_gen_drv.c ****   * the "License"; You may not use this file except in compliance with the
  13:Middlewares/Third_Party/FatFs/src/ff_gen_drv.c ****   * License. You may obtain a copy of the License at:
  14:Middlewares/Third_Party/FatFs/src/ff_gen_drv.c ****   *                       opensource.org/licenses/BSD-3-Clause
  15:Middlewares/Third_Party/FatFs/src/ff_gen_drv.c ****   *
  16:Middlewares/Third_Party/FatFs/src/ff_gen_drv.c ****   ******************************************************************************
  17:Middlewares/Third_Party/FatFs/src/ff_gen_drv.c **** **/
  18:Middlewares/Third_Party/FatFs/src/ff_gen_drv.c **** /* Includes ------------------------------------------------------------------*/
  19:Middlewares/Third_Party/FatFs/src/ff_gen_drv.c **** #include "ff_gen_drv.h"
  20:Middlewares/Third_Party/FatFs/src/ff_gen_drv.c **** 
  21:Middlewares/Third_Party/FatFs/src/ff_gen_drv.c **** /* Private typedef -----------------------------------------------------------*/
  22:Middlewares/Third_Party/FatFs/src/ff_gen_drv.c **** /* Private define ------------------------------------------------------------*/
  23:Middlewares/Third_Party/FatFs/src/ff_gen_drv.c **** /* Private variables ---------------------------------------------------------*/
  24:Middlewares/Third_Party/FatFs/src/ff_gen_drv.c **** Disk_drvTypeDef disk = {{0},{0},{0},0};
  25:Middlewares/Third_Party/FatFs/src/ff_gen_drv.c **** 
  26:Middlewares/Third_Party/FatFs/src/ff_gen_drv.c **** /* Private function prototypes -----------------------------------------------*/
  27:Middlewares/Third_Party/FatFs/src/ff_gen_drv.c **** /* Private functions ---------------------------------------------------------*/
  28:Middlewares/Third_Party/FatFs/src/ff_gen_drv.c **** 
  29:Middlewares/Third_Party/FatFs/src/ff_gen_drv.c **** /**
  30:Middlewares/Third_Party/FatFs/src/ff_gen_drv.c ****   * @brief  Links a compatible diskio driver/lun id and increments the number of active
  31:Middlewares/Third_Party/FatFs/src/ff_gen_drv.c ****   *         linked drivers.
  32:Middlewares/Third_Party/FatFs/src/ff_gen_drv.c ****   * @note   The number of linked drivers (volumes) is up to 10 due to FatFs limits.
ARM GAS  /tmp/ccZgx1r7.s 			page 2


  33:Middlewares/Third_Party/FatFs/src/ff_gen_drv.c ****   * @param  drv: pointer to the disk IO Driver structure
  34:Middlewares/Third_Party/FatFs/src/ff_gen_drv.c ****   * @param  path: pointer to the logical drive path
  35:Middlewares/Third_Party/FatFs/src/ff_gen_drv.c ****   * @param  lun : only used for USB Key Disk to add multi-lun management
  36:Middlewares/Third_Party/FatFs/src/ff_gen_drv.c ****             else the parameter must be equal to 0
  37:Middlewares/Third_Party/FatFs/src/ff_gen_drv.c ****   * @retval Returns 0 in case of success, otherwise 1.
  38:Middlewares/Third_Party/FatFs/src/ff_gen_drv.c ****   */
  39:Middlewares/Third_Party/FatFs/src/ff_gen_drv.c **** uint8_t FATFS_LinkDriverEx(const Diskio_drvTypeDef *drv, char *path, uint8_t lun)
  40:Middlewares/Third_Party/FatFs/src/ff_gen_drv.c **** {
  27              		.loc 1 40 0
  28              		.cfi_startproc
  29              		@ args = 0, pretend = 0, frame = 0
  30              		@ frame_needed = 0, uses_anonymous_args = 0
  31              		@ link register save eliminated.
  32              	.LVL0:
  41:Middlewares/Third_Party/FatFs/src/ff_gen_drv.c ****   uint8_t ret = 1;
  42:Middlewares/Third_Party/FatFs/src/ff_gen_drv.c ****   uint8_t DiskNum = 0;
  43:Middlewares/Third_Party/FatFs/src/ff_gen_drv.c **** 
  44:Middlewares/Third_Party/FatFs/src/ff_gen_drv.c ****   if(disk.nbr < _VOLUMES)
  33              		.loc 1 44 0
  34 0000 104B     		ldr	r3, .L8
  35 0002 5B7A     		ldrb	r3, [r3, #9]	@ zero_extendqisi2
  36 0004 DBB9     		cbnz	r3, .L3
  40:Middlewares/Third_Party/FatFs/src/ff_gen_drv.c ****   uint8_t ret = 1;
  37              		.loc 1 40 0
  38 0006 30B4     		push	{r4, r5}
  39              	.LCFI0:
  40              		.cfi_def_cfa_offset 8
  41              		.cfi_offset 4, -8
  42              		.cfi_offset 5, -4
  45:Middlewares/Third_Party/FatFs/src/ff_gen_drv.c ****   {
  46:Middlewares/Third_Party/FatFs/src/ff_gen_drv.c ****     disk.is_initialized[disk.nbr] = 0;
  43              		.loc 1 46 0
  44 0008 0E4B     		ldr	r3, .L8
  45 000a 5D7A     		ldrb	r5, [r3, #9]	@ zero_extendqisi2
  46 000c EDB2     		uxtb	r5, r5
  47 000e 0024     		movs	r4, #0
  48 0010 5C55     		strb	r4, [r3, r5]
  47:Middlewares/Third_Party/FatFs/src/ff_gen_drv.c ****     disk.drv[disk.nbr] = drv;
  49              		.loc 1 47 0
  50 0012 5D7A     		ldrb	r5, [r3, #9]	@ zero_extendqisi2
  51 0014 03EB8505 		add	r5, r3, r5, lsl #2
  52 0018 6860     		str	r0, [r5, #4]
  48:Middlewares/Third_Party/FatFs/src/ff_gen_drv.c ****     disk.lun[disk.nbr] = lun;
  53              		.loc 1 48 0
  54 001a 587A     		ldrb	r0, [r3, #9]	@ zero_extendqisi2
  55              	.LVL1:
  56 001c 1844     		add	r0, r0, r3
  57 001e 0272     		strb	r2, [r0, #8]
  49:Middlewares/Third_Party/FatFs/src/ff_gen_drv.c ****     DiskNum = disk.nbr++;
  58              		.loc 1 49 0
  59 0020 5A7A     		ldrb	r2, [r3, #9]	@ zero_extendqisi2
  60              	.LVL2:
  61 0022 D2B2     		uxtb	r2, r2
  62 0024 501C     		adds	r0, r2, #1
  63              	.LVL3:
  64 0026 C0B2     		uxtb	r0, r0
  65 0028 5872     		strb	r0, [r3, #9]
ARM GAS  /tmp/ccZgx1r7.s 			page 3


  66              	.LVL4:
  50:Middlewares/Third_Party/FatFs/src/ff_gen_drv.c ****     path[0] = DiskNum + '0';
  67              		.loc 1 50 0
  68 002a 3032     		adds	r2, r2, #48
  69              	.LVL5:
  70 002c 0A70     		strb	r2, [r1]
  71              	.LVL6:
  51:Middlewares/Third_Party/FatFs/src/ff_gen_drv.c ****     path[1] = ':';
  72              		.loc 1 51 0
  73 002e 3A23     		movs	r3, #58
  74 0030 4B70     		strb	r3, [r1, #1]
  52:Middlewares/Third_Party/FatFs/src/ff_gen_drv.c ****     path[2] = '/';
  75              		.loc 1 52 0
  76 0032 2F23     		movs	r3, #47
  77 0034 8B70     		strb	r3, [r1, #2]
  53:Middlewares/Third_Party/FatFs/src/ff_gen_drv.c ****     path[3] = 0;
  78              		.loc 1 53 0
  79 0036 CC70     		strb	r4, [r1, #3]
  80              	.LVL7:
  54:Middlewares/Third_Party/FatFs/src/ff_gen_drv.c ****     ret = 0;
  81              		.loc 1 54 0
  82 0038 2046     		mov	r0, r4
  83              	.LVL8:
  55:Middlewares/Third_Party/FatFs/src/ff_gen_drv.c ****   }
  56:Middlewares/Third_Party/FatFs/src/ff_gen_drv.c **** 
  57:Middlewares/Third_Party/FatFs/src/ff_gen_drv.c ****   return ret;
  58:Middlewares/Third_Party/FatFs/src/ff_gen_drv.c **** }
  84              		.loc 1 58 0
  85 003a 30BC     		pop	{r4, r5}
  86              	.LCFI1:
  87              		.cfi_restore 5
  88              		.cfi_restore 4
  89              		.cfi_def_cfa_offset 0
  90 003c 7047     		bx	lr
  91              	.LVL9:
  92              	.L3:
  41:Middlewares/Third_Party/FatFs/src/ff_gen_drv.c ****   uint8_t DiskNum = 0;
  93              		.loc 1 41 0
  94 003e 0120     		movs	r0, #1
  95              	.LVL10:
  96              		.loc 1 58 0
  97 0040 7047     		bx	lr
  98              	.L9:
  99 0042 00BF     		.align	2
 100              	.L8:
 101 0044 00000000 		.word	.LANCHOR0
 102              		.cfi_endproc
 103              	.LFE141:
 105              		.section	.text.FATFS_LinkDriver,"ax",%progbits
 106              		.align	1
 107              		.global	FATFS_LinkDriver
 108              		.syntax unified
 109              		.thumb
 110              		.thumb_func
 111              		.fpu fpv5-d16
 113              	FATFS_LinkDriver:
 114              	.LFB142:
ARM GAS  /tmp/ccZgx1r7.s 			page 4


  59:Middlewares/Third_Party/FatFs/src/ff_gen_drv.c **** 
  60:Middlewares/Third_Party/FatFs/src/ff_gen_drv.c **** /**
  61:Middlewares/Third_Party/FatFs/src/ff_gen_drv.c ****   * @brief  Links a compatible diskio driver and increments the number of active
  62:Middlewares/Third_Party/FatFs/src/ff_gen_drv.c ****   *         linked drivers.
  63:Middlewares/Third_Party/FatFs/src/ff_gen_drv.c ****   * @note   The number of linked drivers (volumes) is up to 10 due to FatFs limits
  64:Middlewares/Third_Party/FatFs/src/ff_gen_drv.c ****   * @param  drv: pointer to the disk IO Driver structure
  65:Middlewares/Third_Party/FatFs/src/ff_gen_drv.c ****   * @param  path: pointer to the logical drive path
  66:Middlewares/Third_Party/FatFs/src/ff_gen_drv.c ****   * @retval Returns 0 in case of success, otherwise 1.
  67:Middlewares/Third_Party/FatFs/src/ff_gen_drv.c ****   */
  68:Middlewares/Third_Party/FatFs/src/ff_gen_drv.c **** uint8_t FATFS_LinkDriver(const Diskio_drvTypeDef *drv, char *path)
  69:Middlewares/Third_Party/FatFs/src/ff_gen_drv.c **** {
 115              		.loc 1 69 0
 116              		.cfi_startproc
 117              		@ args = 0, pretend = 0, frame = 0
 118              		@ frame_needed = 0, uses_anonymous_args = 0
 119              	.LVL11:
 120 0000 08B5     		push	{r3, lr}
 121              	.LCFI2:
 122              		.cfi_def_cfa_offset 8
 123              		.cfi_offset 3, -8
 124              		.cfi_offset 14, -4
  70:Middlewares/Third_Party/FatFs/src/ff_gen_drv.c ****   return FATFS_LinkDriverEx(drv, path, 0);
 125              		.loc 1 70 0
 126 0002 0022     		movs	r2, #0
 127 0004 FFF7FEFF 		bl	FATFS_LinkDriverEx
 128              	.LVL12:
  71:Middlewares/Third_Party/FatFs/src/ff_gen_drv.c **** }
 129              		.loc 1 71 0
 130 0008 08BD     		pop	{r3, pc}
 131              		.cfi_endproc
 132              	.LFE142:
 134              		.section	.text.FATFS_UnLinkDriverEx,"ax",%progbits
 135              		.align	1
 136              		.global	FATFS_UnLinkDriverEx
 137              		.syntax unified
 138              		.thumb
 139              		.thumb_func
 140              		.fpu fpv5-d16
 142              	FATFS_UnLinkDriverEx:
 143              	.LFB143:
  72:Middlewares/Third_Party/FatFs/src/ff_gen_drv.c **** 
  73:Middlewares/Third_Party/FatFs/src/ff_gen_drv.c **** /**
  74:Middlewares/Third_Party/FatFs/src/ff_gen_drv.c ****   * @brief  Unlinks a diskio driver and decrements the number of active linked
  75:Middlewares/Third_Party/FatFs/src/ff_gen_drv.c ****   *         drivers.
  76:Middlewares/Third_Party/FatFs/src/ff_gen_drv.c ****   * @param  path: pointer to the logical drive path
  77:Middlewares/Third_Party/FatFs/src/ff_gen_drv.c ****   * @param  lun : not used
  78:Middlewares/Third_Party/FatFs/src/ff_gen_drv.c ****   * @retval Returns 0 in case of success, otherwise 1.
  79:Middlewares/Third_Party/FatFs/src/ff_gen_drv.c ****   */
  80:Middlewares/Third_Party/FatFs/src/ff_gen_drv.c **** uint8_t FATFS_UnLinkDriverEx(char *path, uint8_t lun)
  81:Middlewares/Third_Party/FatFs/src/ff_gen_drv.c **** {
 144              		.loc 1 81 0
 145              		.cfi_startproc
 146              		@ args = 0, pretend = 0, frame = 0
 147              		@ frame_needed = 0, uses_anonymous_args = 0
 148              		@ link register save eliminated.
 149              	.LVL13:
  82:Middlewares/Third_Party/FatFs/src/ff_gen_drv.c ****   uint8_t DiskNum = 0;
ARM GAS  /tmp/ccZgx1r7.s 			page 5


  83:Middlewares/Third_Party/FatFs/src/ff_gen_drv.c ****   uint8_t ret = 1;
  84:Middlewares/Third_Party/FatFs/src/ff_gen_drv.c **** 
  85:Middlewares/Third_Party/FatFs/src/ff_gen_drv.c ****   if(disk.nbr >= 1)
 150              		.loc 1 85 0
 151 0000 0D4B     		ldr	r3, .L16
 152 0002 5B7A     		ldrb	r3, [r3, #9]	@ zero_extendqisi2
 153 0004 9BB1     		cbz	r3, .L14
  86:Middlewares/Third_Party/FatFs/src/ff_gen_drv.c ****   {
  87:Middlewares/Third_Party/FatFs/src/ff_gen_drv.c ****     DiskNum = path[0] - '0';
 154              		.loc 1 87 0
 155 0006 0378     		ldrb	r3, [r0]	@ zero_extendqisi2
 156 0008 303B     		subs	r3, r3, #48
 157 000a DBB2     		uxtb	r3, r3
 158              	.LVL14:
  88:Middlewares/Third_Party/FatFs/src/ff_gen_drv.c ****     if(disk.drv[DiskNum] != 0)
 159              		.loc 1 88 0
 160 000c 0A4A     		ldr	r2, .L16
 161 000e 02EB8302 		add	r2, r2, r3, lsl #2
 162 0012 5268     		ldr	r2, [r2, #4]
 163 0014 6AB1     		cbz	r2, .L15
  89:Middlewares/Third_Party/FatFs/src/ff_gen_drv.c ****     {
  90:Middlewares/Third_Party/FatFs/src/ff_gen_drv.c ****       disk.drv[DiskNum] = 0;
 164              		.loc 1 90 0
 165 0016 084A     		ldr	r2, .L16
 166 0018 02EB8301 		add	r1, r2, r3, lsl #2
 167              	.LVL15:
 168 001c 0020     		movs	r0, #0
 169              	.LVL16:
 170 001e 4860     		str	r0, [r1, #4]
  91:Middlewares/Third_Party/FatFs/src/ff_gen_drv.c ****       disk.lun[DiskNum] = 0;
 171              		.loc 1 91 0
 172 0020 1344     		add	r3, r3, r2
 173 0022 1872     		strb	r0, [r3, #8]
  92:Middlewares/Third_Party/FatFs/src/ff_gen_drv.c ****       disk.nbr--;
 174              		.loc 1 92 0
 175 0024 537A     		ldrb	r3, [r2, #9]	@ zero_extendqisi2
 176 0026 013B     		subs	r3, r3, #1
 177 0028 DBB2     		uxtb	r3, r3
 178 002a 5372     		strb	r3, [r2, #9]
 179              	.LVL17:
 180 002c 7047     		bx	lr
 181              	.LVL18:
 182              	.L14:
  83:Middlewares/Third_Party/FatFs/src/ff_gen_drv.c **** 
 183              		.loc 1 83 0
 184 002e 0120     		movs	r0, #1
 185              	.LVL19:
 186 0030 7047     		bx	lr
 187              	.LVL20:
 188              	.L15:
 189 0032 0120     		movs	r0, #1
 190              	.LVL21:
  93:Middlewares/Third_Party/FatFs/src/ff_gen_drv.c ****       ret = 0;
  94:Middlewares/Third_Party/FatFs/src/ff_gen_drv.c ****     }
  95:Middlewares/Third_Party/FatFs/src/ff_gen_drv.c ****   }
  96:Middlewares/Third_Party/FatFs/src/ff_gen_drv.c **** 
  97:Middlewares/Third_Party/FatFs/src/ff_gen_drv.c ****   return ret;
ARM GAS  /tmp/ccZgx1r7.s 			page 6


  98:Middlewares/Third_Party/FatFs/src/ff_gen_drv.c **** }
 191              		.loc 1 98 0
 192 0034 7047     		bx	lr
 193              	.L17:
 194 0036 00BF     		.align	2
 195              	.L16:
 196 0038 00000000 		.word	.LANCHOR0
 197              		.cfi_endproc
 198              	.LFE143:
 200              		.section	.text.FATFS_UnLinkDriver,"ax",%progbits
 201              		.align	1
 202              		.global	FATFS_UnLinkDriver
 203              		.syntax unified
 204              		.thumb
 205              		.thumb_func
 206              		.fpu fpv5-d16
 208              	FATFS_UnLinkDriver:
 209              	.LFB144:
  99:Middlewares/Third_Party/FatFs/src/ff_gen_drv.c **** 
 100:Middlewares/Third_Party/FatFs/src/ff_gen_drv.c **** /**
 101:Middlewares/Third_Party/FatFs/src/ff_gen_drv.c ****   * @brief  Unlinks a diskio driver and decrements the number of active linked
 102:Middlewares/Third_Party/FatFs/src/ff_gen_drv.c ****   *         drivers.
 103:Middlewares/Third_Party/FatFs/src/ff_gen_drv.c ****   * @param  path: pointer to the logical drive path
 104:Middlewares/Third_Party/FatFs/src/ff_gen_drv.c ****   * @retval Returns 0 in case of success, otherwise 1.
 105:Middlewares/Third_Party/FatFs/src/ff_gen_drv.c ****   */
 106:Middlewares/Third_Party/FatFs/src/ff_gen_drv.c **** uint8_t FATFS_UnLinkDriver(char *path)
 107:Middlewares/Third_Party/FatFs/src/ff_gen_drv.c **** {
 210              		.loc 1 107 0
 211              		.cfi_startproc
 212              		@ args = 0, pretend = 0, frame = 0
 213              		@ frame_needed = 0, uses_anonymous_args = 0
 214              	.LVL22:
 215 0000 08B5     		push	{r3, lr}
 216              	.LCFI3:
 217              		.cfi_def_cfa_offset 8
 218              		.cfi_offset 3, -8
 219              		.cfi_offset 14, -4
 108:Middlewares/Third_Party/FatFs/src/ff_gen_drv.c ****   return FATFS_UnLinkDriverEx(path, 0);
 220              		.loc 1 108 0
 221 0002 0021     		movs	r1, #0
 222 0004 FFF7FEFF 		bl	FATFS_UnLinkDriverEx
 223              	.LVL23:
 109:Middlewares/Third_Party/FatFs/src/ff_gen_drv.c **** }
 224              		.loc 1 109 0
 225 0008 08BD     		pop	{r3, pc}
 226              		.cfi_endproc
 227              	.LFE144:
 229              		.section	.text.FATFS_GetAttachedDriversNbr,"ax",%progbits
 230              		.align	1
 231              		.global	FATFS_GetAttachedDriversNbr
 232              		.syntax unified
 233              		.thumb
 234              		.thumb_func
 235              		.fpu fpv5-d16
 237              	FATFS_GetAttachedDriversNbr:
 238              	.LFB145:
 110:Middlewares/Third_Party/FatFs/src/ff_gen_drv.c **** 
ARM GAS  /tmp/ccZgx1r7.s 			page 7


 111:Middlewares/Third_Party/FatFs/src/ff_gen_drv.c **** /**
 112:Middlewares/Third_Party/FatFs/src/ff_gen_drv.c ****   * @brief  Gets number of linked drivers to the FatFs module.
 113:Middlewares/Third_Party/FatFs/src/ff_gen_drv.c ****   * @param  None
 114:Middlewares/Third_Party/FatFs/src/ff_gen_drv.c ****   * @retval Number of attached drivers.
 115:Middlewares/Third_Party/FatFs/src/ff_gen_drv.c ****   */
 116:Middlewares/Third_Party/FatFs/src/ff_gen_drv.c **** uint8_t FATFS_GetAttachedDriversNbr(void)
 117:Middlewares/Third_Party/FatFs/src/ff_gen_drv.c **** {
 239              		.loc 1 117 0
 240              		.cfi_startproc
 241              		@ args = 0, pretend = 0, frame = 0
 242              		@ frame_needed = 0, uses_anonymous_args = 0
 243              		@ link register save eliminated.
 118:Middlewares/Third_Party/FatFs/src/ff_gen_drv.c ****   return disk.nbr;
 244              		.loc 1 118 0
 245 0000 014B     		ldr	r3, .L21
 246 0002 587A     		ldrb	r0, [r3, #9]	@ zero_extendqisi2
 119:Middlewares/Third_Party/FatFs/src/ff_gen_drv.c **** }
 247              		.loc 1 119 0
 248 0004 7047     		bx	lr
 249              	.L22:
 250 0006 00BF     		.align	2
 251              	.L21:
 252 0008 00000000 		.word	.LANCHOR0
 253              		.cfi_endproc
 254              	.LFE145:
 256              		.global	disk
 257              		.section	.bss.disk,"aw",%nobits
 258              		.align	2
 259              		.set	.LANCHOR0,. + 0
 262              	disk:
 263 0000 00000000 		.space	12
 263      00000000 
 263      00000000 
 264              		.text
 265              	.Letext0:
 266              		.file 2 "Middlewares/Third_Party/FatFs/src/integer.h"
 267              		.file 3 "Middlewares/Third_Party/FatFs/src/diskio.h"
 268              		.file 4 "/usr/include/newlib/machine/_default_types.h"
 269              		.file 5 "/usr/include/newlib/sys/_stdint.h"
 270              		.file 6 "Drivers/CMSIS/Include/core_cm7.h"
 271              		.file 7 "Drivers/CMSIS/Device/ST/STM32H7xx/Include/system_stm32h7xx.h"
 272              		.file 8 "/usr/include/newlib/sys/lock.h"
 273              		.file 9 "/usr/include/newlib/sys/_types.h"
 274              		.file 10 "/usr/lib/gcc/arm-none-eabi/7.3.1/include/stddef.h"
 275              		.file 11 "/usr/include/newlib/sys/reent.h"
 276              		.file 12 "/usr/include/newlib/math.h"
 277              		.file 13 "Drivers/STM32H7xx_HAL_Driver/Inc/stm32h7xx_hal_def.h"
 278              		.file 14 "Drivers/STM32H7xx_HAL_Driver/Inc/stm32h7xx_hal_flash.h"
 279              		.file 15 "Drivers/STM32H7xx_HAL_Driver/Inc/stm32h7xx_hal.h"
 280              		.file 16 "/usr/include/newlib/stdlib.h"
 281              		.file 17 "Middlewares/Third_Party/FatFs/src/ff_gen_drv.h"
 282              		.file 18 "Core/Inc/main.h"
ARM GAS  /tmp/ccZgx1r7.s 			page 8


DEFINED SYMBOLS
                            *ABS*:0000000000000000 ff_gen_drv.c
     /tmp/ccZgx1r7.s:17     .text.FATFS_LinkDriverEx:0000000000000000 $t
     /tmp/ccZgx1r7.s:24     .text.FATFS_LinkDriverEx:0000000000000000 FATFS_LinkDriverEx
     /tmp/ccZgx1r7.s:101    .text.FATFS_LinkDriverEx:0000000000000044 $d
     /tmp/ccZgx1r7.s:106    .text.FATFS_LinkDriver:0000000000000000 $t
     /tmp/ccZgx1r7.s:113    .text.FATFS_LinkDriver:0000000000000000 FATFS_LinkDriver
     /tmp/ccZgx1r7.s:135    .text.FATFS_UnLinkDriverEx:0000000000000000 $t
     /tmp/ccZgx1r7.s:142    .text.FATFS_UnLinkDriverEx:0000000000000000 FATFS_UnLinkDriverEx
     /tmp/ccZgx1r7.s:196    .text.FATFS_UnLinkDriverEx:0000000000000038 $d
     /tmp/ccZgx1r7.s:201    .text.FATFS_UnLinkDriver:0000000000000000 $t
     /tmp/ccZgx1r7.s:208    .text.FATFS_UnLinkDriver:0000000000000000 FATFS_UnLinkDriver
     /tmp/ccZgx1r7.s:230    .text.FATFS_GetAttachedDriversNbr:0000000000000000 $t
     /tmp/ccZgx1r7.s:237    .text.FATFS_GetAttachedDriversNbr:0000000000000000 FATFS_GetAttachedDriversNbr
     /tmp/ccZgx1r7.s:252    .text.FATFS_GetAttachedDriversNbr:0000000000000008 $d
     /tmp/ccZgx1r7.s:262    .bss.disk:0000000000000000 disk
     /tmp/ccZgx1r7.s:258    .bss.disk:0000000000000000 $d

NO UNDEFINED SYMBOLS
