ARM GAS  /tmp/cc4eHddQ.s 			page 1


   1              		.cpu cortex-m7
   2              		.eabi_attribute 28, 1
   3              		.eabi_attribute 20, 1
   4              		.eabi_attribute 21, 1
   5              		.eabi_attribute 23, 3
   6              		.eabi_attribute 24, 1
   7              		.eabi_attribute 25, 1
   8              		.eabi_attribute 26, 1
   9              		.eabi_attribute 30, 1
  10              		.eabi_attribute 34, 1
  11              		.eabi_attribute 18, 4
  12              		.file	"gpio.c"
  13              		.text
  14              	.Ltext0:
  15              		.cfi_sections	.debug_frame
  16              		.section	.text.MX_GPIO_Init,"ax",%progbits
  17              		.align	1
  18              		.global	MX_GPIO_Init
  19              		.syntax unified
  20              		.thumb
  21              		.thumb_func
  22              		.fpu fpv5-d16
  24              	MX_GPIO_Init:
  25              	.LFB141:
  26              		.file 1 "Core/Src/gpio.c"
   1:Core/Src/gpio.c **** /**
   2:Core/Src/gpio.c ****   ******************************************************************************
   3:Core/Src/gpio.c ****   * @file    gpio.c
   4:Core/Src/gpio.c ****   * @brief   This file provides code for the configuration
   5:Core/Src/gpio.c ****   *          of all used GPIO pins.
   6:Core/Src/gpio.c ****   ******************************************************************************
   7:Core/Src/gpio.c ****   * @attention
   8:Core/Src/gpio.c ****   *
   9:Core/Src/gpio.c ****   * <h2><center>&copy; Copyright (c) 2021 STMicroelectronics.
  10:Core/Src/gpio.c ****   * All rights reserved.</center></h2>
  11:Core/Src/gpio.c ****   *
  12:Core/Src/gpio.c ****   * This software component is licensed by ST under BSD 3-Clause license,
  13:Core/Src/gpio.c ****   * the "License"; You may not use this file except in compliance with the
  14:Core/Src/gpio.c ****   * License. You may obtain a copy of the License at:
  15:Core/Src/gpio.c ****   *                        opensource.org/licenses/BSD-3-Clause
  16:Core/Src/gpio.c ****   *
  17:Core/Src/gpio.c ****   ******************************************************************************
  18:Core/Src/gpio.c ****   */
  19:Core/Src/gpio.c **** 
  20:Core/Src/gpio.c **** /* Includes ------------------------------------------------------------------*/
  21:Core/Src/gpio.c **** #include "gpio.h"
  22:Core/Src/gpio.c **** 
  23:Core/Src/gpio.c **** /* USER CODE BEGIN 0 */
  24:Core/Src/gpio.c **** 
  25:Core/Src/gpio.c **** /* USER CODE END 0 */
  26:Core/Src/gpio.c **** 
  27:Core/Src/gpio.c **** /*----------------------------------------------------------------------------*/
  28:Core/Src/gpio.c **** /* Configure GPIO                                                             */
  29:Core/Src/gpio.c **** /*----------------------------------------------------------------------------*/
  30:Core/Src/gpio.c **** /* USER CODE BEGIN 1 */
  31:Core/Src/gpio.c **** 
  32:Core/Src/gpio.c **** /* USER CODE END 1 */
ARM GAS  /tmp/cc4eHddQ.s 			page 2


  33:Core/Src/gpio.c **** 
  34:Core/Src/gpio.c **** /** Configure pins
  35:Core/Src/gpio.c ****      PE5   ------> LTDC_G0
  36:Core/Src/gpio.c ****      PE6   ------> LTDC_G1
  37:Core/Src/gpio.c ****      PC0   ------> LTDC_G2
  38:Core/Src/gpio.c ****      PA1   ------> LTDC_R2
  39:Core/Src/gpio.c ****      PA2   ------> LTDC_R1
  40:Core/Src/gpio.c ****      PD10   ------> LTDC_B3
  41:Core/Src/gpio.c ****      PA10   ------> S_TIM1_CH3
  42:Core/Src/gpio.c ****      PD0   ------> LTDC_B1
  43:Core/Src/gpio.c ****      PD6   ------> LTDC_B2
  44:Core/Src/gpio.c ****      PE0   ------> LTDC_R0
  45:Core/Src/gpio.c **** */
  46:Core/Src/gpio.c **** void MX_GPIO_Init(void)
  47:Core/Src/gpio.c **** {
  27              		.loc 1 47 0
  28              		.cfi_startproc
  29              		@ args = 0, pretend = 0, frame = 40
  30              		@ frame_needed = 0, uses_anonymous_args = 0
  31 0000 2DE9F047 		push	{r4, r5, r6, r7, r8, r9, r10, lr}
  32              	.LCFI0:
  33              		.cfi_def_cfa_offset 32
  34              		.cfi_offset 4, -32
  35              		.cfi_offset 5, -28
  36              		.cfi_offset 6, -24
  37              		.cfi_offset 7, -20
  38              		.cfi_offset 8, -16
  39              		.cfi_offset 9, -12
  40              		.cfi_offset 10, -8
  41              		.cfi_offset 14, -4
  42 0004 8AB0     		sub	sp, sp, #40
  43              	.LCFI1:
  44              		.cfi_def_cfa_offset 72
  48:Core/Src/gpio.c **** 
  49:Core/Src/gpio.c ****   GPIO_InitTypeDef GPIO_InitStruct = {0};
  45              		.loc 1 49 0
  46 0006 0024     		movs	r4, #0
  47 0008 0594     		str	r4, [sp, #20]
  48 000a 0694     		str	r4, [sp, #24]
  49 000c 0794     		str	r4, [sp, #28]
  50 000e 0894     		str	r4, [sp, #32]
  51 0010 0994     		str	r4, [sp, #36]
  52              	.LBB2:
  50:Core/Src/gpio.c **** 
  51:Core/Src/gpio.c ****   /* GPIO Ports Clock Enable */
  52:Core/Src/gpio.c ****   __HAL_RCC_GPIOE_CLK_ENABLE();
  53              		.loc 1 52 0
  54 0012 674B     		ldr	r3, .L3
  55 0014 D3F8E020 		ldr	r2, [r3, #224]
  56 0018 42F01002 		orr	r2, r2, #16
  57 001c C3F8E020 		str	r2, [r3, #224]
  58 0020 D3F8E020 		ldr	r2, [r3, #224]
  59 0024 02F01002 		and	r2, r2, #16
  60 0028 0092     		str	r2, [sp]
  61 002a 009A     		ldr	r2, [sp]
  62              	.LBE2:
  63              	.LBB3:
ARM GAS  /tmp/cc4eHddQ.s 			page 3


  53:Core/Src/gpio.c ****   __HAL_RCC_GPIOC_CLK_ENABLE();
  64              		.loc 1 53 0
  65 002c D3F8E020 		ldr	r2, [r3, #224]
  66 0030 42F00402 		orr	r2, r2, #4
  67 0034 C3F8E020 		str	r2, [r3, #224]
  68 0038 D3F8E020 		ldr	r2, [r3, #224]
  69 003c 02F00402 		and	r2, r2, #4
  70 0040 0192     		str	r2, [sp, #4]
  71 0042 019A     		ldr	r2, [sp, #4]
  72              	.LBE3:
  73              	.LBB4:
  54:Core/Src/gpio.c ****   __HAL_RCC_GPIOA_CLK_ENABLE();
  74              		.loc 1 54 0
  75 0044 D3F8E020 		ldr	r2, [r3, #224]
  76 0048 42F00102 		orr	r2, r2, #1
  77 004c C3F8E020 		str	r2, [r3, #224]
  78 0050 D3F8E020 		ldr	r2, [r3, #224]
  79 0054 02F00102 		and	r2, r2, #1
  80 0058 0292     		str	r2, [sp, #8]
  81 005a 029A     		ldr	r2, [sp, #8]
  82              	.LBE4:
  83              	.LBB5:
  55:Core/Src/gpio.c ****   __HAL_RCC_GPIOB_CLK_ENABLE();
  84              		.loc 1 55 0
  85 005c D3F8E020 		ldr	r2, [r3, #224]
  86 0060 42F00202 		orr	r2, r2, #2
  87 0064 C3F8E020 		str	r2, [r3, #224]
  88 0068 D3F8E020 		ldr	r2, [r3, #224]
  89 006c 02F00202 		and	r2, r2, #2
  90 0070 0392     		str	r2, [sp, #12]
  91 0072 039A     		ldr	r2, [sp, #12]
  92              	.LBE5:
  93              	.LBB6:
  56:Core/Src/gpio.c ****   __HAL_RCC_GPIOD_CLK_ENABLE();
  94              		.loc 1 56 0
  95 0074 D3F8E020 		ldr	r2, [r3, #224]
  96 0078 42F00802 		orr	r2, r2, #8
  97 007c C3F8E020 		str	r2, [r3, #224]
  98 0080 D3F8E030 		ldr	r3, [r3, #224]
  99 0084 03F00803 		and	r3, r3, #8
 100 0088 0493     		str	r3, [sp, #16]
 101 008a 049B     		ldr	r3, [sp, #16]
 102              	.LBE6:
  57:Core/Src/gpio.c **** 
  58:Core/Src/gpio.c ****   /*Configure GPIO pin Output Level */
  59:Core/Src/gpio.c ****   HAL_GPIO_WritePin(GPIOC, MCU_3V3_EN_Pin|LED_C_Pin, GPIO_PIN_SET);
 103              		.loc 1 59 0
 104 008c 494F     		ldr	r7, .L3+4
 105 008e 0122     		movs	r2, #1
 106 0090 0A21     		movs	r1, #10
 107 0092 3846     		mov	r0, r7
 108 0094 FFF7FEFF 		bl	HAL_GPIO_WritePin
 109              	.LVL0:
  60:Core/Src/gpio.c **** 
  61:Core/Src/gpio.c ****   /*Configure GPIO pin Output Level */
  62:Core/Src/gpio.c ****   HAL_GPIO_WritePin(LED_R_GPIO_Port, LED_R_Pin, GPIO_PIN_RESET);
 110              		.loc 1 62 0
ARM GAS  /tmp/cc4eHddQ.s 			page 4


 111 0098 2246     		mov	r2, r4
 112 009a 1021     		movs	r1, #16
 113 009c 3846     		mov	r0, r7
 114 009e FFF7FEFF 		bl	HAL_GPIO_WritePin
 115              	.LVL1:
  63:Core/Src/gpio.c **** 
  64:Core/Src/gpio.c ****   /*Configure GPIO pin Output Level */
  65:Core/Src/gpio.c ****   HAL_GPIO_WritePin(STM_VCORE_EN_GPIO_Port, STM_VCORE_EN_Pin, GPIO_PIN_SET);
 116              		.loc 1 65 0
 117 00a2 DFF818A1 		ldr	r10, .L3+12
 118 00a6 0122     		movs	r2, #1
 119 00a8 4FF48051 		mov	r1, #4096
 120 00ac 5046     		mov	r0, r10
 121 00ae FFF7FEFF 		bl	HAL_GPIO_WritePin
 122              	.LVL2:
  66:Core/Src/gpio.c **** 
  67:Core/Src/gpio.c ****   /*Configure GPIO pin Output Level */
  68:Core/Src/gpio.c ****   HAL_GPIO_WritePin(GPIOB, STM_VCORE_D2_Pin|STM_VCORE_D1_Pin|STM_VCORE_D0_Pin, GPIO_PIN_RESET);
 123              		.loc 1 68 0
 124 00b2 2246     		mov	r2, r4
 125 00b4 4FF46041 		mov	r1, #57344
 126 00b8 5046     		mov	r0, r10
 127 00ba FFF7FEFF 		bl	HAL_GPIO_WritePin
 128              	.LVL3:
  69:Core/Src/gpio.c **** 
  70:Core/Src/gpio.c ****   /*Configure GPIO pin Output Level */
  71:Core/Src/gpio.c ****   HAL_GPIO_WritePin(LCD_REG_EN_GPIO_Port, LCD_REG_EN_Pin, GPIO_PIN_RESET);
 129              		.loc 1 71 0
 130 00be DFF80081 		ldr	r8, .L3+16
 131 00c2 2246     		mov	r2, r4
 132 00c4 4FF40051 		mov	r1, #8192
 133 00c8 4046     		mov	r0, r8
 134 00ca FFF7FEFF 		bl	HAL_GPIO_WritePin
 135              	.LVL4:
  72:Core/Src/gpio.c **** 
  73:Core/Src/gpio.c ****   /*Configure GPIO pin Output Level */
  74:Core/Src/gpio.c ****   HAL_GPIO_WritePin(GPS_3DF_GPIO_Port, GPS_3DF_Pin, GPIO_PIN_RESET);
 136              		.loc 1 74 0
 137 00ce 2246     		mov	r2, r4
 138 00d0 0221     		movs	r1, #2
 139 00d2 4046     		mov	r0, r8
 140 00d4 FFF7FEFF 		bl	HAL_GPIO_WritePin
 141              	.LVL5:
  75:Core/Src/gpio.c **** 
  76:Core/Src/gpio.c ****   /*Configure GPIO pins : PE5 PE6 PE0 */
  77:Core/Src/gpio.c ****   GPIO_InitStruct.Pin = GPIO_PIN_5|GPIO_PIN_6|GPIO_PIN_0;
 142              		.loc 1 77 0
 143 00d8 6123     		movs	r3, #97
 144 00da 0593     		str	r3, [sp, #20]
  78:Core/Src/gpio.c ****   GPIO_InitStruct.Mode = GPIO_MODE_AF_PP;
 145              		.loc 1 78 0
 146 00dc 0226     		movs	r6, #2
 147 00de 0696     		str	r6, [sp, #24]
  79:Core/Src/gpio.c ****   GPIO_InitStruct.Pull = GPIO_NOPULL;
 148              		.loc 1 79 0
 149 00e0 0794     		str	r4, [sp, #28]
  80:Core/Src/gpio.c ****   GPIO_InitStruct.Speed = GPIO_SPEED_FREQ_LOW;
ARM GAS  /tmp/cc4eHddQ.s 			page 5


 150              		.loc 1 80 0
 151 00e2 0894     		str	r4, [sp, #32]
  81:Core/Src/gpio.c ****   GPIO_InitStruct.Alternate = GPIO_AF14_LTDC;
 152              		.loc 1 81 0
 153 00e4 4FF00E09 		mov	r9, #14
 154 00e8 CDF82490 		str	r9, [sp, #36]
  82:Core/Src/gpio.c ****   HAL_GPIO_Init(GPIOE, &GPIO_InitStruct);
 155              		.loc 1 82 0
 156 00ec 05A9     		add	r1, sp, #20
 157 00ee 3248     		ldr	r0, .L3+8
 158 00f0 FFF7FEFF 		bl	HAL_GPIO_Init
 159              	.LVL6:
  83:Core/Src/gpio.c **** 
  84:Core/Src/gpio.c ****   /*Configure GPIO pin : PC0 */
  85:Core/Src/gpio.c ****   GPIO_InitStruct.Pin = GPIO_PIN_0;
 160              		.loc 1 85 0
 161 00f4 0125     		movs	r5, #1
 162 00f6 0595     		str	r5, [sp, #20]
  86:Core/Src/gpio.c ****   GPIO_InitStruct.Mode = GPIO_MODE_AF_PP;
 163              		.loc 1 86 0
 164 00f8 0696     		str	r6, [sp, #24]
  87:Core/Src/gpio.c ****   GPIO_InitStruct.Pull = GPIO_NOPULL;
 165              		.loc 1 87 0
 166 00fa 0794     		str	r4, [sp, #28]
  88:Core/Src/gpio.c ****   GPIO_InitStruct.Speed = GPIO_SPEED_FREQ_LOW;
 167              		.loc 1 88 0
 168 00fc 0894     		str	r4, [sp, #32]
  89:Core/Src/gpio.c ****   GPIO_InitStruct.Alternate = GPIO_AF11_LTDC;
 169              		.loc 1 89 0
 170 00fe 0B23     		movs	r3, #11
 171 0100 0993     		str	r3, [sp, #36]
  90:Core/Src/gpio.c ****   HAL_GPIO_Init(GPIOC, &GPIO_InitStruct);
 172              		.loc 1 90 0
 173 0102 05A9     		add	r1, sp, #20
 174 0104 3846     		mov	r0, r7
 175 0106 FFF7FEFF 		bl	HAL_GPIO_Init
 176              	.LVL7:
  91:Core/Src/gpio.c **** 
  92:Core/Src/gpio.c ****   /*Configure GPIO pins : PCPin PCPin PCPin */
  93:Core/Src/gpio.c ****   GPIO_InitStruct.Pin = MCU_3V3_EN_Pin|LED_C_Pin|LED_R_Pin;
 177              		.loc 1 93 0
 178 010a 1A23     		movs	r3, #26
 179 010c 0593     		str	r3, [sp, #20]
  94:Core/Src/gpio.c ****   GPIO_InitStruct.Mode = GPIO_MODE_OUTPUT_PP;
 180              		.loc 1 94 0
 181 010e 0695     		str	r5, [sp, #24]
  95:Core/Src/gpio.c ****   GPIO_InitStruct.Pull = GPIO_NOPULL;
 182              		.loc 1 95 0
 183 0110 0794     		str	r4, [sp, #28]
  96:Core/Src/gpio.c ****   GPIO_InitStruct.Speed = GPIO_SPEED_FREQ_LOW;
 184              		.loc 1 96 0
 185 0112 0894     		str	r4, [sp, #32]
  97:Core/Src/gpio.c ****   HAL_GPIO_Init(GPIOC, &GPIO_InitStruct);
 186              		.loc 1 97 0
 187 0114 05A9     		add	r1, sp, #20
 188 0116 3846     		mov	r0, r7
 189 0118 FFF7FEFF 		bl	HAL_GPIO_Init
ARM GAS  /tmp/cc4eHddQ.s 			page 6


 190              	.LVL8:
  98:Core/Src/gpio.c **** 
  99:Core/Src/gpio.c ****   /*Configure GPIO pin : PtPin */
 100:Core/Src/gpio.c ****   GPIO_InitStruct.Pin = SW_L_Pin;
 191              		.loc 1 100 0
 192 011c 0423     		movs	r3, #4
 193 011e 0593     		str	r3, [sp, #20]
 101:Core/Src/gpio.c ****   GPIO_InitStruct.Mode = GPIO_MODE_INPUT;
 194              		.loc 1 101 0
 195 0120 0694     		str	r4, [sp, #24]
 102:Core/Src/gpio.c ****   GPIO_InitStruct.Pull = GPIO_NOPULL;
 196              		.loc 1 102 0
 197 0122 0794     		str	r4, [sp, #28]
 103:Core/Src/gpio.c ****   HAL_GPIO_Init(SW_L_GPIO_Port, &GPIO_InitStruct);
 198              		.loc 1 103 0
 199 0124 05A9     		add	r1, sp, #20
 200 0126 3846     		mov	r0, r7
 201 0128 FFF7FEFF 		bl	HAL_GPIO_Init
 202              	.LVL9:
 104:Core/Src/gpio.c **** 
 105:Core/Src/gpio.c ****   /*Configure GPIO pin : PtPin */
 106:Core/Src/gpio.c ****   GPIO_InitStruct.Pin = SW_PWR_C_Pin;
 203              		.loc 1 106 0
 204 012c 0595     		str	r5, [sp, #20]
 107:Core/Src/gpio.c ****   GPIO_InitStruct.Mode = GPIO_MODE_INPUT;
 205              		.loc 1 107 0
 206 012e 0694     		str	r4, [sp, #24]
 108:Core/Src/gpio.c ****   GPIO_InitStruct.Pull = GPIO_NOPULL;
 207              		.loc 1 108 0
 208 0130 0794     		str	r4, [sp, #28]
 109:Core/Src/gpio.c ****   HAL_GPIO_Init(SW_PWR_C_GPIO_Port, &GPIO_InitStruct);
 209              		.loc 1 109 0
 210 0132 A7F50067 		sub	r7, r7, #2048
 211 0136 05A9     		add	r1, sp, #20
 212 0138 3846     		mov	r0, r7
 213 013a FFF7FEFF 		bl	HAL_GPIO_Init
 214              	.LVL10:
 110:Core/Src/gpio.c **** 
 111:Core/Src/gpio.c ****   /*Configure GPIO pins : PA1 PA2 */
 112:Core/Src/gpio.c ****   GPIO_InitStruct.Pin = GPIO_PIN_1|GPIO_PIN_2;
 215              		.loc 1 112 0
 216 013e 0623     		movs	r3, #6
 217 0140 0593     		str	r3, [sp, #20]
 113:Core/Src/gpio.c ****   GPIO_InitStruct.Mode = GPIO_MODE_AF_PP;
 218              		.loc 1 113 0
 219 0142 0696     		str	r6, [sp, #24]
 114:Core/Src/gpio.c ****   GPIO_InitStruct.Pull = GPIO_NOPULL;
 220              		.loc 1 114 0
 221 0144 0794     		str	r4, [sp, #28]
 115:Core/Src/gpio.c ****   GPIO_InitStruct.Speed = GPIO_SPEED_FREQ_LOW;
 222              		.loc 1 115 0
 223 0146 0894     		str	r4, [sp, #32]
 116:Core/Src/gpio.c ****   GPIO_InitStruct.Alternate = GPIO_AF14_LTDC;
 224              		.loc 1 116 0
 225 0148 CDF82490 		str	r9, [sp, #36]
 117:Core/Src/gpio.c ****   HAL_GPIO_Init(GPIOA, &GPIO_InitStruct);
 226              		.loc 1 117 0
ARM GAS  /tmp/cc4eHddQ.s 			page 7


 227 014c 05A9     		add	r1, sp, #20
 228 014e 3846     		mov	r0, r7
 229 0150 FFF7FEFF 		bl	HAL_GPIO_Init
 230              	.LVL11:
 118:Core/Src/gpio.c **** 
 119:Core/Src/gpio.c ****   /*Configure GPIO pins : PBPin PBPin PBPin PBPin */
 120:Core/Src/gpio.c ****   GPIO_InitStruct.Pin = STM_VCORE_EN_Pin|STM_VCORE_D2_Pin|STM_VCORE_D1_Pin|STM_VCORE_D0_Pin;
 231              		.loc 1 120 0
 232 0154 4FF47043 		mov	r3, #61440
 233 0158 0593     		str	r3, [sp, #20]
 121:Core/Src/gpio.c ****   GPIO_InitStruct.Mode = GPIO_MODE_OUTPUT_PP;
 234              		.loc 1 121 0
 235 015a 0695     		str	r5, [sp, #24]
 122:Core/Src/gpio.c ****   GPIO_InitStruct.Pull = GPIO_NOPULL;
 236              		.loc 1 122 0
 237 015c 0794     		str	r4, [sp, #28]
 123:Core/Src/gpio.c ****   GPIO_InitStruct.Speed = GPIO_SPEED_FREQ_LOW;
 238              		.loc 1 123 0
 239 015e 0894     		str	r4, [sp, #32]
 124:Core/Src/gpio.c ****   HAL_GPIO_Init(GPIOB, &GPIO_InitStruct);
 240              		.loc 1 124 0
 241 0160 05A9     		add	r1, sp, #20
 242 0162 5046     		mov	r0, r10
 243 0164 FFF7FEFF 		bl	HAL_GPIO_Init
 244              	.LVL12:
 125:Core/Src/gpio.c **** 
 126:Core/Src/gpio.c ****   /*Configure GPIO pins : PD10 PD0 PD6 */
 127:Core/Src/gpio.c ****   GPIO_InitStruct.Pin = GPIO_PIN_10|GPIO_PIN_0|GPIO_PIN_6;
 245              		.loc 1 127 0
 246 0168 40F24143 		movw	r3, #1089
 247 016c 0593     		str	r3, [sp, #20]
 128:Core/Src/gpio.c ****   GPIO_InitStruct.Mode = GPIO_MODE_AF_PP;
 248              		.loc 1 128 0
 249 016e 0696     		str	r6, [sp, #24]
 129:Core/Src/gpio.c ****   GPIO_InitStruct.Pull = GPIO_NOPULL;
 250              		.loc 1 129 0
 251 0170 0794     		str	r4, [sp, #28]
 130:Core/Src/gpio.c ****   GPIO_InitStruct.Speed = GPIO_SPEED_FREQ_LOW;
 252              		.loc 1 130 0
 253 0172 0894     		str	r4, [sp, #32]
 131:Core/Src/gpio.c ****   GPIO_InitStruct.Alternate = GPIO_AF14_LTDC;
 254              		.loc 1 131 0
 255 0174 CDF82490 		str	r9, [sp, #36]
 132:Core/Src/gpio.c ****   HAL_GPIO_Init(GPIOD, &GPIO_InitStruct);
 256              		.loc 1 132 0
 257 0178 05A9     		add	r1, sp, #20
 258 017a 4046     		mov	r0, r8
 259 017c FFF7FEFF 		bl	HAL_GPIO_Init
 260              	.LVL13:
 133:Core/Src/gpio.c **** 
 134:Core/Src/gpio.c ****   /*Configure GPIO pins : PDPin PDPin */
 135:Core/Src/gpio.c ****   GPIO_InitStruct.Pin = LCD_REG_EN_Pin|GPS_3DF_Pin;
 261              		.loc 1 135 0
 262 0180 42F20203 		movw	r3, #8194
 263 0184 0593     		str	r3, [sp, #20]
 136:Core/Src/gpio.c ****   GPIO_InitStruct.Mode = GPIO_MODE_OUTPUT_PP;
 264              		.loc 1 136 0
ARM GAS  /tmp/cc4eHddQ.s 			page 8


 265 0186 0695     		str	r5, [sp, #24]
 137:Core/Src/gpio.c ****   GPIO_InitStruct.Pull = GPIO_NOPULL;
 266              		.loc 1 137 0
 267 0188 0794     		str	r4, [sp, #28]
 138:Core/Src/gpio.c ****   GPIO_InitStruct.Speed = GPIO_SPEED_FREQ_LOW;
 268              		.loc 1 138 0
 269 018a 0894     		str	r4, [sp, #32]
 139:Core/Src/gpio.c ****   HAL_GPIO_Init(GPIOD, &GPIO_InitStruct);
 270              		.loc 1 139 0
 271 018c 05A9     		add	r1, sp, #20
 272 018e 4046     		mov	r0, r8
 273 0190 FFF7FEFF 		bl	HAL_GPIO_Init
 274              	.LVL14:
 140:Core/Src/gpio.c **** 
 141:Core/Src/gpio.c ****   /*Configure GPIO pin : PA10 */
 142:Core/Src/gpio.c ****   GPIO_InitStruct.Pin = GPIO_PIN_10;
 275              		.loc 1 142 0
 276 0194 4FF48063 		mov	r3, #1024
 277 0198 0593     		str	r3, [sp, #20]
 143:Core/Src/gpio.c ****   GPIO_InitStruct.Mode = GPIO_MODE_AF_PP;
 278              		.loc 1 143 0
 279 019a 0696     		str	r6, [sp, #24]
 144:Core/Src/gpio.c ****   GPIO_InitStruct.Pull = GPIO_NOPULL;
 280              		.loc 1 144 0
 281 019c 0794     		str	r4, [sp, #28]
 145:Core/Src/gpio.c ****   GPIO_InitStruct.Speed = GPIO_SPEED_FREQ_LOW;
 282              		.loc 1 145 0
 283 019e 0894     		str	r4, [sp, #32]
 146:Core/Src/gpio.c ****   GPIO_InitStruct.Alternate = GPIO_AF1_TIM1;
 284              		.loc 1 146 0
 285 01a0 0995     		str	r5, [sp, #36]
 147:Core/Src/gpio.c ****   HAL_GPIO_Init(GPIOA, &GPIO_InitStruct);
 286              		.loc 1 147 0
 287 01a2 05A9     		add	r1, sp, #20
 288 01a4 3846     		mov	r0, r7
 289 01a6 FFF7FEFF 		bl	HAL_GPIO_Init
 290              	.LVL15:
 148:Core/Src/gpio.c **** 
 149:Core/Src/gpio.c **** }
 291              		.loc 1 149 0
 292 01aa 0AB0     		add	sp, sp, #40
 293              	.LCFI2:
 294              		.cfi_def_cfa_offset 32
 295              		@ sp needed
 296 01ac BDE8F087 		pop	{r4, r5, r6, r7, r8, r9, r10, pc}
 297              	.L4:
 298              		.align	2
 299              	.L3:
 300 01b0 00440258 		.word	1476543488
 301 01b4 00080258 		.word	1476528128
 302 01b8 00100258 		.word	1476530176
 303 01bc 00040258 		.word	1476527104
 304 01c0 000C0258 		.word	1476529152
 305              		.cfi_endproc
 306              	.LFE141:
 308              		.text
 309              	.Letext0:
ARM GAS  /tmp/cc4eHddQ.s 			page 9


 310              		.file 2 "/usr/include/newlib/machine/_default_types.h"
 311              		.file 3 "/usr/include/newlib/sys/_stdint.h"
 312              		.file 4 "Drivers/CMSIS/Include/core_cm7.h"
 313              		.file 5 "Drivers/CMSIS/Device/ST/STM32H7xx/Include/system_stm32h7xx.h"
 314              		.file 6 "Drivers/CMSIS/Device/ST/STM32H7xx/Include/stm32h723xx.h"
 315              		.file 7 "/usr/include/newlib/sys/lock.h"
 316              		.file 8 "/usr/include/newlib/sys/_types.h"
 317              		.file 9 "/usr/lib/gcc/arm-none-eabi/7.3.1/include/stddef.h"
 318              		.file 10 "/usr/include/newlib/sys/reent.h"
 319              		.file 11 "/usr/include/newlib/math.h"
 320              		.file 12 "Drivers/STM32H7xx_HAL_Driver/Inc/stm32h7xx_hal_def.h"
 321              		.file 13 "Drivers/STM32H7xx_HAL_Driver/Inc/stm32h7xx_hal_gpio.h"
 322              		.file 14 "Drivers/STM32H7xx_HAL_Driver/Inc/stm32h7xx_hal_flash.h"
 323              		.file 15 "Drivers/STM32H7xx_HAL_Driver/Inc/stm32h7xx_hal.h"
 324              		.file 16 "Core/Inc/main.h"
ARM GAS  /tmp/cc4eHddQ.s 			page 10


DEFINED SYMBOLS
                            *ABS*:0000000000000000 gpio.c
     /tmp/cc4eHddQ.s:17     .text.MX_GPIO_Init:0000000000000000 $t
     /tmp/cc4eHddQ.s:24     .text.MX_GPIO_Init:0000000000000000 MX_GPIO_Init
     /tmp/cc4eHddQ.s:300    .text.MX_GPIO_Init:00000000000001b0 $d

UNDEFINED SYMBOLS
HAL_GPIO_WritePin
HAL_GPIO_Init
