ARM GAS  /tmp/ccEGW6HE.s 			page 1


   1              		.cpu cortex-m7
   2              		.eabi_attribute 28, 1
   3              		.eabi_attribute 20, 1
   4              		.eabi_attribute 21, 1
   5              		.eabi_attribute 23, 3
   6              		.eabi_attribute 24, 1
   7              		.eabi_attribute 25, 1
   8              		.eabi_attribute 26, 1
   9              		.eabi_attribute 30, 1
  10              		.eabi_attribute 34, 1
  11              		.eabi_attribute 18, 4
  12              		.file	"octospi.c"
  13              		.text
  14              	.Ltext0:
  15              		.cfi_sections	.debug_frame
  16              		.section	.text.MX_OCTOSPI1_Init,"ax",%progbits
  17              		.align	1
  18              		.global	MX_OCTOSPI1_Init
  19              		.syntax unified
  20              		.thumb
  21              		.thumb_func
  22              		.fpu fpv5-d16
  24              	MX_OCTOSPI1_Init:
  25              	.LFB141:
  26              		.file 1 "Core/Src/octospi.c"
   1:Core/Src/octospi.c **** /**
   2:Core/Src/octospi.c ****   ******************************************************************************
   3:Core/Src/octospi.c ****   * @file    octospi.c
   4:Core/Src/octospi.c ****   * @brief   This file provides code for the configuration
   5:Core/Src/octospi.c ****   *          of the OCTOSPI instances.
   6:Core/Src/octospi.c ****   ******************************************************************************
   7:Core/Src/octospi.c ****   * @attention
   8:Core/Src/octospi.c ****   *
   9:Core/Src/octospi.c ****   * <h2><center>&copy; Copyright (c) 2021 STMicroelectronics.
  10:Core/Src/octospi.c ****   * All rights reserved.</center></h2>
  11:Core/Src/octospi.c ****   *
  12:Core/Src/octospi.c ****   * This software component is licensed by ST under BSD 3-Clause license,
  13:Core/Src/octospi.c ****   * the "License"; You may not use this file except in compliance with the
  14:Core/Src/octospi.c ****   * License. You may obtain a copy of the License at:
  15:Core/Src/octospi.c ****   *                        opensource.org/licenses/BSD-3-Clause
  16:Core/Src/octospi.c ****   *
  17:Core/Src/octospi.c ****   ******************************************************************************
  18:Core/Src/octospi.c ****   */
  19:Core/Src/octospi.c **** 
  20:Core/Src/octospi.c **** /* Includes ------------------------------------------------------------------*/
  21:Core/Src/octospi.c **** #include "octospi.h"
  22:Core/Src/octospi.c **** 
  23:Core/Src/octospi.c **** /* USER CODE BEGIN 0 */
  24:Core/Src/octospi.c **** 
  25:Core/Src/octospi.c **** /* USER CODE END 0 */
  26:Core/Src/octospi.c **** 
  27:Core/Src/octospi.c **** OSPI_HandleTypeDef hospi1;
  28:Core/Src/octospi.c **** 
  29:Core/Src/octospi.c **** /* OCTOSPI1 init function */
  30:Core/Src/octospi.c **** void MX_OCTOSPI1_Init(void)
  31:Core/Src/octospi.c **** {
  27              		.loc 1 31 0
ARM GAS  /tmp/ccEGW6HE.s 			page 2


  28              		.cfi_startproc
  29              		@ args = 0, pretend = 0, frame = 72
  30              		@ frame_needed = 0, uses_anonymous_args = 0
  31 0000 10B5     		push	{r4, lr}
  32              	.LCFI0:
  33              		.cfi_def_cfa_offset 8
  34              		.cfi_offset 4, -8
  35              		.cfi_offset 14, -4
  36 0002 92B0     		sub	sp, sp, #72
  37              	.LCFI1:
  38              		.cfi_def_cfa_offset 80
  32:Core/Src/octospi.c ****   OSPIM_CfgTypeDef sOspiManagerCfg = {0};
  39              		.loc 1 32 0
  40 0004 0023     		movs	r3, #0
  41 0006 0C93     		str	r3, [sp, #48]
  42 0008 0D93     		str	r3, [sp, #52]
  43 000a 0E93     		str	r3, [sp, #56]
  44 000c 0F93     		str	r3, [sp, #60]
  45 000e 1093     		str	r3, [sp, #64]
  46 0010 1193     		str	r3, [sp, #68]
  33:Core/Src/octospi.c ****   OSPI_HyperbusCfgTypeDef sHyperBusCfg = {0};
  47              		.loc 1 33 0
  48 0012 0893     		str	r3, [sp, #32]
  49 0014 0993     		str	r3, [sp, #36]
  50 0016 0A93     		str	r3, [sp, #40]
  51 0018 0B93     		str	r3, [sp, #44]
  34:Core/Src/octospi.c ****   OSPI_HyperbusCmdTypeDef sCommand = {0};
  52              		.loc 1 34 0
  53 001a 0393     		str	r3, [sp, #12]
  54 001c 0493     		str	r3, [sp, #16]
  55 001e 0593     		str	r3, [sp, #20]
  56 0020 0693     		str	r3, [sp, #24]
  57 0022 0793     		str	r3, [sp, #28]
  35:Core/Src/octospi.c ****   OSPI_MemoryMappedTypeDef sMemMappedCfg = {0};
  58              		.loc 1 35 0
  59 0024 0193     		str	r3, [sp, #4]
  60 0026 0293     		str	r3, [sp, #8]
  36:Core/Src/octospi.c **** 
  37:Core/Src/octospi.c ****   hospi1.Instance = OCTOSPI1;
  61              		.loc 1 37 0
  62 0028 3548     		ldr	r0, .L13
  63 002a 364A     		ldr	r2, .L13+4
  64 002c 0260     		str	r2, [r0]
  38:Core/Src/octospi.c ****   hospi1.Init.FifoThreshold = 4;
  65              		.loc 1 38 0
  66 002e 0422     		movs	r2, #4
  67 0030 4260     		str	r2, [r0, #4]
  39:Core/Src/octospi.c ****   hospi1.Init.DualQuad = HAL_OSPI_DUALQUAD_DISABLE;
  68              		.loc 1 39 0
  69 0032 8360     		str	r3, [r0, #8]
  40:Core/Src/octospi.c ****   hospi1.Init.MemoryType = HAL_OSPI_MEMTYPE_HYPERBUS;
  70              		.loc 1 40 0
  71 0034 4FF08062 		mov	r2, #67108864
  72 0038 C260     		str	r2, [r0, #12]
  41:Core/Src/octospi.c ****   hospi1.Init.DeviceSize = 22;
  73              		.loc 1 41 0
  74 003a 1622     		movs	r2, #22
ARM GAS  /tmp/ccEGW6HE.s 			page 3


  75 003c 0261     		str	r2, [r0, #16]
  42:Core/Src/octospi.c ****   hospi1.Init.ChipSelectHighTime = 1;
  76              		.loc 1 42 0
  77 003e 0122     		movs	r2, #1
  78 0040 4261     		str	r2, [r0, #20]
  43:Core/Src/octospi.c ****   hospi1.Init.FreeRunningClock = HAL_OSPI_FREERUNCLK_DISABLE;
  79              		.loc 1 43 0
  80 0042 8361     		str	r3, [r0, #24]
  44:Core/Src/octospi.c ****   hospi1.Init.ClockMode = HAL_OSPI_CLOCK_MODE_0;
  81              		.loc 1 44 0
  82 0044 C361     		str	r3, [r0, #28]
  45:Core/Src/octospi.c ****   hospi1.Init.WrapSize = HAL_OSPI_WRAP_NOT_SUPPORTED;
  83              		.loc 1 45 0
  84 0046 0362     		str	r3, [r0, #32]
  46:Core/Src/octospi.c ****   hospi1.Init.ClockPrescaler = 2;
  85              		.loc 1 46 0
  86 0048 0221     		movs	r1, #2
  87 004a 4162     		str	r1, [r0, #36]
  47:Core/Src/octospi.c ****   hospi1.Init.SampleShifting = HAL_OSPI_SAMPLE_SHIFTING_NONE;
  88              		.loc 1 47 0
  89 004c 8362     		str	r3, [r0, #40]
  48:Core/Src/octospi.c ****   hospi1.Init.DelayHoldQuarterCycle = HAL_OSPI_DHQC_ENABLE;
  90              		.loc 1 48 0
  91 004e 4FF08054 		mov	r4, #268435456
  92 0052 C462     		str	r4, [r0, #44]
  49:Core/Src/octospi.c ****   hospi1.Init.ChipSelectBoundary = 2;
  93              		.loc 1 49 0
  94 0054 0163     		str	r1, [r0, #48]
  50:Core/Src/octospi.c ****   hospi1.Init.ClkChipSelectHighTime = 1;
  95              		.loc 1 50 0
  96 0056 4263     		str	r2, [r0, #52]
  51:Core/Src/octospi.c ****   hospi1.Init.DelayBlockBypass = HAL_OSPI_DELAY_BLOCK_USED;
  97              		.loc 1 51 0
  98 0058 8363     		str	r3, [r0, #56]
  52:Core/Src/octospi.c ****   hospi1.Init.Refresh = 200;
  99              		.loc 1 52 0
 100 005a C822     		movs	r2, #200
 101 005c 0264     		str	r2, [r0, #64]
  53:Core/Src/octospi.c ****   hospi1.Init.MaxTran = 0;
 102              		.loc 1 53 0
 103 005e C363     		str	r3, [r0, #60]
  54:Core/Src/octospi.c ****   if (HAL_OSPI_Init(&hospi1) != HAL_OK)
 104              		.loc 1 54 0
 105 0060 FFF7FEFF 		bl	HAL_OSPI_Init
 106              	.LVL0:
 107 0064 0028     		cmp	r0, #0
 108 0066 3BD1     		bne	.L8
 109              	.L2:
  55:Core/Src/octospi.c ****   {
  56:Core/Src/octospi.c ****     Error_Handler();
  57:Core/Src/octospi.c ****   }
  58:Core/Src/octospi.c **** 
  59:Core/Src/octospi.c ****   sOspiManagerCfg.ClkPort = 1;
 110              		.loc 1 59 0
 111 0068 0123     		movs	r3, #1
 112 006a 0C93     		str	r3, [sp, #48]
  60:Core/Src/octospi.c ****   sOspiManagerCfg.DQSPort = 1;
ARM GAS  /tmp/ccEGW6HE.s 			page 4


 113              		.loc 1 60 0
 114 006c 0D93     		str	r3, [sp, #52]
  61:Core/Src/octospi.c ****   sOspiManagerCfg.NCSPort = 1;
 115              		.loc 1 61 0
 116 006e 0E93     		str	r3, [sp, #56]
  62:Core/Src/octospi.c ****   sOspiManagerCfg.IOLowPort = HAL_OSPIM_IOPORT_1_LOW;
 117              		.loc 1 62 0
 118 0070 4FF00113 		mov	r3, #65537
 119 0074 0F93     		str	r3, [sp, #60]
  63:Core/Src/octospi.c ****   sOspiManagerCfg.IOHighPort = HAL_OSPIM_IOPORT_1_HIGH;
 120              		.loc 1 63 0
 121 0076 03F57F03 		add	r3, r3, #16711680
 122 007a 1093     		str	r3, [sp, #64]
  64:Core/Src/octospi.c ****   if (HAL_OSPIM_Config(&hospi1, &sOspiManagerCfg, HAL_OSPI_TIMEOUT_DEFAULT_VALUE) != HAL_OK)
 123              		.loc 1 64 0
 124 007c 41F28832 		movw	r2, #5000
 125 0080 0CA9     		add	r1, sp, #48
 126 0082 1F48     		ldr	r0, .L13
 127 0084 FFF7FEFF 		bl	HAL_OSPIM_Config
 128              	.LVL1:
 129 0088 68BB     		cbnz	r0, .L9
 130              	.L3:
  65:Core/Src/octospi.c ****   {
  66:Core/Src/octospi.c ****     Error_Handler();
  67:Core/Src/octospi.c ****   }
  68:Core/Src/octospi.c ****   sHyperBusCfg.RWRecoveryTime = 3;
 131              		.loc 1 68 0
 132 008a 0323     		movs	r3, #3
 133 008c 0893     		str	r3, [sp, #32]
  69:Core/Src/octospi.c ****   sHyperBusCfg.AccessTime = 6;
 134              		.loc 1 69 0
 135 008e 0623     		movs	r3, #6
 136 0090 0993     		str	r3, [sp, #36]
  70:Core/Src/octospi.c ****   sHyperBusCfg.WriteZeroLatency = HAL_OSPI_LATENCY_ON_WRITE;
 137              		.loc 1 70 0
 138 0092 0023     		movs	r3, #0
 139 0094 0A93     		str	r3, [sp, #40]
  71:Core/Src/octospi.c ****   sHyperBusCfg.LatencyMode = HAL_OSPI_FIXED_LATENCY;
 140              		.loc 1 71 0
 141 0096 0123     		movs	r3, #1
 142 0098 0B93     		str	r3, [sp, #44]
  72:Core/Src/octospi.c ****   if (HAL_OSPI_HyperbusCfg(&hospi1, &sHyperBusCfg, HAL_OSPI_TIMEOUT_DEFAULT_VALUE) != HAL_OK)
 143              		.loc 1 72 0
 144 009a 41F28832 		movw	r2, #5000
 145 009e 08A9     		add	r1, sp, #32
 146 00a0 1748     		ldr	r0, .L13
 147 00a2 FFF7FEFF 		bl	HAL_OSPI_HyperbusCfg
 148              	.LVL2:
 149 00a6 08BB     		cbnz	r0, .L10
 150              	.L4:
  73:Core/Src/octospi.c ****   {
  74:Core/Src/octospi.c ****     Error_Handler();
  75:Core/Src/octospi.c ****   }
  76:Core/Src/octospi.c **** 
  77:Core/Src/octospi.c ****   /* Memory-mapped mode configuration --------------------------------------- */
  78:Core/Src/octospi.c ****   sCommand.AddressSpace = HAL_OSPI_MEMORY_ADDRESS_SPACE;
 151              		.loc 1 78 0
ARM GAS  /tmp/ccEGW6HE.s 			page 5


 152 00a8 0023     		movs	r3, #0
 153 00aa 0393     		str	r3, [sp, #12]
  79:Core/Src/octospi.c ****   sCommand.AddressSize  = HAL_OSPI_ADDRESS_32_BITS;
 154              		.loc 1 79 0
 155 00ac 4FF44052 		mov	r2, #12288
 156 00b0 0592     		str	r2, [sp, #20]
  80:Core/Src/octospi.c ****   sCommand.DQSMode      = HAL_OSPI_DQS_ENABLE;
 157              		.loc 1 80 0
 158 00b2 4FF00052 		mov	r2, #536870912
 159 00b6 0792     		str	r2, [sp, #28]
  81:Core/Src/octospi.c ****   sCommand.Address      = 0;
 160              		.loc 1 81 0
 161 00b8 0493     		str	r3, [sp, #16]
  82:Core/Src/octospi.c ****   sCommand.NbData       = 1;
 162              		.loc 1 82 0
 163 00ba 0123     		movs	r3, #1
 164 00bc 0693     		str	r3, [sp, #24]
  83:Core/Src/octospi.c **** 
  84:Core/Src/octospi.c ****   if (HAL_OSPI_HyperbusCmd(&hospi1, &sCommand, HAL_OSPI_TIMEOUT_DEFAULT_VALUE) != HAL_OK)
 165              		.loc 1 84 0
 166 00be 41F28832 		movw	r2, #5000
 167 00c2 03A9     		add	r1, sp, #12
 168 00c4 0E48     		ldr	r0, .L13
 169 00c6 FFF7FEFF 		bl	HAL_OSPI_HyperbusCmd
 170              	.LVL3:
 171 00ca 90B9     		cbnz	r0, .L11
 172              	.L5:
  85:Core/Src/octospi.c ****   {
  86:Core/Src/octospi.c ****     Error_Handler();
  87:Core/Src/octospi.c ****   }
  88:Core/Src/octospi.c **** 
  89:Core/Src/octospi.c ****   sMemMappedCfg.TimeOutActivation = HAL_OSPI_TIMEOUT_COUNTER_DISABLE;
 173              		.loc 1 89 0
 174 00cc 0023     		movs	r3, #0
 175 00ce 0193     		str	r3, [sp, #4]
  90:Core/Src/octospi.c ****   sMemMappedCfg.TimeOutPeriod = 0x0;
 176              		.loc 1 90 0
 177 00d0 0293     		str	r3, [sp, #8]
  91:Core/Src/octospi.c **** 
  92:Core/Src/octospi.c ****   if (HAL_OSPI_MemoryMapped(&hospi1, &sMemMappedCfg) != HAL_OK)
 178              		.loc 1 92 0
 179 00d2 01A9     		add	r1, sp, #4
 180 00d4 0A48     		ldr	r0, .L13
 181 00d6 FFF7FEFF 		bl	HAL_OSPI_MemoryMapped
 182              	.LVL4:
 183 00da 68B9     		cbnz	r0, .L12
 184              	.L1:
  93:Core/Src/octospi.c ****   {
  94:Core/Src/octospi.c ****     Error_Handler();
  95:Core/Src/octospi.c ****   }
  96:Core/Src/octospi.c **** 
  97:Core/Src/octospi.c **** }
 185              		.loc 1 97 0
 186 00dc 12B0     		add	sp, sp, #72
 187              	.LCFI2:
 188              		.cfi_remember_state
 189              		.cfi_def_cfa_offset 8
ARM GAS  /tmp/ccEGW6HE.s 			page 6


 190              		@ sp needed
 191 00de 10BD     		pop	{r4, pc}
 192              	.L8:
 193              	.LCFI3:
 194              		.cfi_restore_state
  56:Core/Src/octospi.c ****   }
 195              		.loc 1 56 0
 196 00e0 FFF7FEFF 		bl	Error_Handler
 197              	.LVL5:
 198 00e4 C0E7     		b	.L2
 199              	.L9:
  66:Core/Src/octospi.c ****   }
 200              		.loc 1 66 0
 201 00e6 FFF7FEFF 		bl	Error_Handler
 202              	.LVL6:
 203 00ea CEE7     		b	.L3
 204              	.L10:
  74:Core/Src/octospi.c ****   }
 205              		.loc 1 74 0
 206 00ec FFF7FEFF 		bl	Error_Handler
 207              	.LVL7:
 208 00f0 DAE7     		b	.L4
 209              	.L11:
  86:Core/Src/octospi.c ****   }
 210              		.loc 1 86 0
 211 00f2 FFF7FEFF 		bl	Error_Handler
 212              	.LVL8:
 213 00f6 E9E7     		b	.L5
 214              	.L12:
  94:Core/Src/octospi.c ****   }
 215              		.loc 1 94 0
 216 00f8 FFF7FEFF 		bl	Error_Handler
 217              	.LVL9:
 218              		.loc 1 97 0
 219 00fc EEE7     		b	.L1
 220              	.L14:
 221 00fe 00BF     		.align	2
 222              	.L13:
 223 0100 00000000 		.word	hospi1
 224 0104 00500052 		.word	1375752192
 225              		.cfi_endproc
 226              	.LFE141:
 228              		.section	.text.HAL_OSPI_MspInit,"ax",%progbits
 229              		.align	1
 230              		.global	HAL_OSPI_MspInit
 231              		.syntax unified
 232              		.thumb
 233              		.thumb_func
 234              		.fpu fpv5-d16
 236              	HAL_OSPI_MspInit:
 237              	.LFB142:
  98:Core/Src/octospi.c **** 
  99:Core/Src/octospi.c **** void HAL_OSPI_MspInit(OSPI_HandleTypeDef* ospiHandle)
 100:Core/Src/octospi.c **** {
 238              		.loc 1 100 0
 239              		.cfi_startproc
 240              		@ args = 0, pretend = 0, frame = 40
ARM GAS  /tmp/ccEGW6HE.s 			page 7


 241              		@ frame_needed = 0, uses_anonymous_args = 0
 242              	.LVL10:
 243 0000 2DE9F043 		push	{r4, r5, r6, r7, r8, r9, lr}
 244              	.LCFI4:
 245              		.cfi_def_cfa_offset 28
 246              		.cfi_offset 4, -28
 247              		.cfi_offset 5, -24
 248              		.cfi_offset 6, -20
 249              		.cfi_offset 7, -16
 250              		.cfi_offset 8, -12
 251              		.cfi_offset 9, -8
 252              		.cfi_offset 14, -4
 253 0004 8BB0     		sub	sp, sp, #44
 254              	.LCFI5:
 255              		.cfi_def_cfa_offset 72
 101:Core/Src/octospi.c **** 
 102:Core/Src/octospi.c ****   GPIO_InitTypeDef GPIO_InitStruct = {0};
 256              		.loc 1 102 0
 257 0006 0023     		movs	r3, #0
 258 0008 0593     		str	r3, [sp, #20]
 259 000a 0693     		str	r3, [sp, #24]
 260 000c 0793     		str	r3, [sp, #28]
 261 000e 0893     		str	r3, [sp, #32]
 262 0010 0993     		str	r3, [sp, #36]
 103:Core/Src/octospi.c ****   if(ospiHandle->Instance==OCTOSPI1)
 263              		.loc 1 103 0
 264 0012 0268     		ldr	r2, [r0]
 265 0014 4C4B     		ldr	r3, .L19
 266 0016 9A42     		cmp	r2, r3
 267 0018 02D0     		beq	.L18
 268              	.LVL11:
 269              	.L15:
 104:Core/Src/octospi.c ****   {
 105:Core/Src/octospi.c ****   /* USER CODE BEGIN OCTOSPI1_MspInit 0 */
 106:Core/Src/octospi.c **** 
 107:Core/Src/octospi.c ****   /* USER CODE END OCTOSPI1_MspInit 0 */
 108:Core/Src/octospi.c ****     /* OCTOSPI1 clock enable */
 109:Core/Src/octospi.c ****     __HAL_RCC_OSPI1_CLK_ENABLE();
 110:Core/Src/octospi.c **** 
 111:Core/Src/octospi.c ****     __HAL_RCC_GPIOA_CLK_ENABLE();
 112:Core/Src/octospi.c ****     __HAL_RCC_GPIOC_CLK_ENABLE();
 113:Core/Src/octospi.c ****     __HAL_RCC_GPIOB_CLK_ENABLE();
 114:Core/Src/octospi.c ****     __HAL_RCC_GPIOE_CLK_ENABLE();
 115:Core/Src/octospi.c ****     /**OCTOSPI1 GPIO Configuration
 116:Core/Src/octospi.c ****     PA6     ------> OCTOSPIM_P1_IO3
 117:Core/Src/octospi.c ****     PA7     ------> OCTOSPIM_P1_IO2
 118:Core/Src/octospi.c ****     PC5     ------> OCTOSPIM_P1_DQS
 119:Core/Src/octospi.c ****     PB0     ------> OCTOSPIM_P1_IO1
 120:Core/Src/octospi.c ****     PB1     ------> OCTOSPIM_P1_IO0
 121:Core/Src/octospi.c ****     PB2     ------> OCTOSPIM_P1_CLK
 122:Core/Src/octospi.c ****     PE7     ------> OCTOSPIM_P1_IO4
 123:Core/Src/octospi.c ****     PE8     ------> OCTOSPIM_P1_IO5
 124:Core/Src/octospi.c ****     PE9     ------> OCTOSPIM_P1_IO6
 125:Core/Src/octospi.c ****     PE10     ------> OCTOSPIM_P1_IO7
 126:Core/Src/octospi.c ****     PE11     ------> OCTOSPIM_P1_NCS
 127:Core/Src/octospi.c ****     */
 128:Core/Src/octospi.c ****     GPIO_InitStruct.Pin = GPIO_PIN_6;
ARM GAS  /tmp/ccEGW6HE.s 			page 8


 129:Core/Src/octospi.c ****     GPIO_InitStruct.Mode = GPIO_MODE_AF_PP;
 130:Core/Src/octospi.c ****     GPIO_InitStruct.Pull = GPIO_NOPULL;
 131:Core/Src/octospi.c ****     GPIO_InitStruct.Speed = GPIO_SPEED_FREQ_VERY_HIGH;
 132:Core/Src/octospi.c ****     GPIO_InitStruct.Alternate = GPIO_AF6_OCTOSPIM_P1;
 133:Core/Src/octospi.c ****     HAL_GPIO_Init(GPIOA, &GPIO_InitStruct);
 134:Core/Src/octospi.c **** 
 135:Core/Src/octospi.c ****     GPIO_InitStruct.Pin = GPIO_PIN_7;
 136:Core/Src/octospi.c ****     GPIO_InitStruct.Mode = GPIO_MODE_AF_PP;
 137:Core/Src/octospi.c ****     GPIO_InitStruct.Pull = GPIO_NOPULL;
 138:Core/Src/octospi.c ****     GPIO_InitStruct.Speed = GPIO_SPEED_FREQ_VERY_HIGH;
 139:Core/Src/octospi.c ****     GPIO_InitStruct.Alternate = GPIO_AF10_OCTOSPIM_P1;
 140:Core/Src/octospi.c ****     HAL_GPIO_Init(GPIOA, &GPIO_InitStruct);
 141:Core/Src/octospi.c **** 
 142:Core/Src/octospi.c ****     GPIO_InitStruct.Pin = GPIO_PIN_5;
 143:Core/Src/octospi.c ****     GPIO_InitStruct.Mode = GPIO_MODE_AF_PP;
 144:Core/Src/octospi.c ****     GPIO_InitStruct.Pull = GPIO_NOPULL;
 145:Core/Src/octospi.c ****     GPIO_InitStruct.Speed = GPIO_SPEED_FREQ_VERY_HIGH;
 146:Core/Src/octospi.c ****     GPIO_InitStruct.Alternate = GPIO_AF10_OCTOSPIM_P1;
 147:Core/Src/octospi.c ****     HAL_GPIO_Init(GPIOC, &GPIO_InitStruct);
 148:Core/Src/octospi.c **** 
 149:Core/Src/octospi.c ****     GPIO_InitStruct.Pin = GPIO_PIN_0|GPIO_PIN_1;
 150:Core/Src/octospi.c ****     GPIO_InitStruct.Mode = GPIO_MODE_AF_PP;
 151:Core/Src/octospi.c ****     GPIO_InitStruct.Pull = GPIO_NOPULL;
 152:Core/Src/octospi.c ****     GPIO_InitStruct.Speed = GPIO_SPEED_FREQ_VERY_HIGH;
 153:Core/Src/octospi.c ****     GPIO_InitStruct.Alternate = GPIO_AF4_OCTOSPIM_P1;
 154:Core/Src/octospi.c ****     HAL_GPIO_Init(GPIOB, &GPIO_InitStruct);
 155:Core/Src/octospi.c **** 
 156:Core/Src/octospi.c ****     GPIO_InitStruct.Pin = GPIO_PIN_2;
 157:Core/Src/octospi.c ****     GPIO_InitStruct.Mode = GPIO_MODE_AF_PP;
 158:Core/Src/octospi.c ****     GPIO_InitStruct.Pull = GPIO_NOPULL;
 159:Core/Src/octospi.c ****     GPIO_InitStruct.Speed = GPIO_SPEED_FREQ_VERY_HIGH;
 160:Core/Src/octospi.c ****     GPIO_InitStruct.Alternate = GPIO_AF9_OCTOSPIM_P1;
 161:Core/Src/octospi.c ****     HAL_GPIO_Init(GPIOB, &GPIO_InitStruct);
 162:Core/Src/octospi.c **** 
 163:Core/Src/octospi.c ****     GPIO_InitStruct.Pin = GPIO_PIN_7|GPIO_PIN_8|GPIO_PIN_9|GPIO_PIN_10;
 164:Core/Src/octospi.c ****     GPIO_InitStruct.Mode = GPIO_MODE_AF_PP;
 165:Core/Src/octospi.c ****     GPIO_InitStruct.Pull = GPIO_NOPULL;
 166:Core/Src/octospi.c ****     GPIO_InitStruct.Speed = GPIO_SPEED_FREQ_VERY_HIGH;
 167:Core/Src/octospi.c ****     GPIO_InitStruct.Alternate = GPIO_AF10_OCTOSPIM_P1;
 168:Core/Src/octospi.c ****     HAL_GPIO_Init(GPIOE, &GPIO_InitStruct);
 169:Core/Src/octospi.c **** 
 170:Core/Src/octospi.c ****     GPIO_InitStruct.Pin = GPIO_PIN_11;
 171:Core/Src/octospi.c ****     GPIO_InitStruct.Mode = GPIO_MODE_AF_PP;
 172:Core/Src/octospi.c ****     GPIO_InitStruct.Pull = GPIO_NOPULL;
 173:Core/Src/octospi.c ****     GPIO_InitStruct.Speed = GPIO_SPEED_FREQ_VERY_HIGH;
 174:Core/Src/octospi.c ****     GPIO_InitStruct.Alternate = GPIO_AF11_OCTOSPIM_P1;
 175:Core/Src/octospi.c ****     HAL_GPIO_Init(GPIOE, &GPIO_InitStruct);
 176:Core/Src/octospi.c **** 
 177:Core/Src/octospi.c ****   /* USER CODE BEGIN OCTOSPI1_MspInit 1 */
 178:Core/Src/octospi.c **** 
 179:Core/Src/octospi.c ****   /* USER CODE END OCTOSPI1_MspInit 1 */
 180:Core/Src/octospi.c ****   }
 181:Core/Src/octospi.c **** }
 270              		.loc 1 181 0
 271 001a 0BB0     		add	sp, sp, #44
 272              	.LCFI6:
 273              		.cfi_remember_state
ARM GAS  /tmp/ccEGW6HE.s 			page 9


 274              		.cfi_def_cfa_offset 28
 275              		@ sp needed
 276 001c BDE8F083 		pop	{r4, r5, r6, r7, r8, r9, pc}
 277              	.LVL12:
 278              	.L18:
 279              	.LCFI7:
 280              		.cfi_restore_state
 281              	.LBB2:
 109:Core/Src/octospi.c **** 
 282              		.loc 1 109 0
 283 0020 4A4B     		ldr	r3, .L19+4
 284 0022 D3F8D420 		ldr	r2, [r3, #212]
 285 0026 42F48042 		orr	r2, r2, #16384
 286 002a C3F8D420 		str	r2, [r3, #212]
 287 002e D3F8D420 		ldr	r2, [r3, #212]
 288 0032 02F48042 		and	r2, r2, #16384
 289 0036 0092     		str	r2, [sp]
 290 0038 009A     		ldr	r2, [sp]
 291              	.LBE2:
 292              	.LBB3:
 111:Core/Src/octospi.c ****     __HAL_RCC_GPIOC_CLK_ENABLE();
 293              		.loc 1 111 0
 294 003a D3F8E020 		ldr	r2, [r3, #224]
 295 003e 42F00102 		orr	r2, r2, #1
 296 0042 C3F8E020 		str	r2, [r3, #224]
 297 0046 D3F8E020 		ldr	r2, [r3, #224]
 298 004a 02F00102 		and	r2, r2, #1
 299 004e 0192     		str	r2, [sp, #4]
 300 0050 019A     		ldr	r2, [sp, #4]
 301              	.LBE3:
 302              	.LBB4:
 112:Core/Src/octospi.c ****     __HAL_RCC_GPIOB_CLK_ENABLE();
 303              		.loc 1 112 0
 304 0052 D3F8E020 		ldr	r2, [r3, #224]
 305 0056 42F00402 		orr	r2, r2, #4
 306 005a C3F8E020 		str	r2, [r3, #224]
 307 005e D3F8E020 		ldr	r2, [r3, #224]
 308 0062 02F00402 		and	r2, r2, #4
 309 0066 0292     		str	r2, [sp, #8]
 310 0068 029A     		ldr	r2, [sp, #8]
 311              	.LBE4:
 312              	.LBB5:
 113:Core/Src/octospi.c ****     __HAL_RCC_GPIOE_CLK_ENABLE();
 313              		.loc 1 113 0
 314 006a D3F8E020 		ldr	r2, [r3, #224]
 315 006e 42F00202 		orr	r2, r2, #2
 316 0072 C3F8E020 		str	r2, [r3, #224]
 317 0076 D3F8E020 		ldr	r2, [r3, #224]
 318 007a 02F00202 		and	r2, r2, #2
 319 007e 0392     		str	r2, [sp, #12]
 320 0080 039A     		ldr	r2, [sp, #12]
 321              	.LBE5:
 322              	.LBB6:
 114:Core/Src/octospi.c ****     /**OCTOSPI1 GPIO Configuration
 323              		.loc 1 114 0
 324 0082 D3F8E020 		ldr	r2, [r3, #224]
 325 0086 42F01002 		orr	r2, r2, #16
ARM GAS  /tmp/ccEGW6HE.s 			page 10


 326 008a C3F8E020 		str	r2, [r3, #224]
 327 008e D3F8E030 		ldr	r3, [r3, #224]
 328 0092 03F01003 		and	r3, r3, #16
 329 0096 0493     		str	r3, [sp, #16]
 330 0098 049B     		ldr	r3, [sp, #16]
 331              	.LBE6:
 128:Core/Src/octospi.c ****     GPIO_InitStruct.Mode = GPIO_MODE_AF_PP;
 332              		.loc 1 128 0
 333 009a 4023     		movs	r3, #64
 334 009c 0593     		str	r3, [sp, #20]
 129:Core/Src/octospi.c ****     GPIO_InitStruct.Pull = GPIO_NOPULL;
 335              		.loc 1 129 0
 336 009e 0225     		movs	r5, #2
 337 00a0 0695     		str	r5, [sp, #24]
 131:Core/Src/octospi.c ****     GPIO_InitStruct.Alternate = GPIO_AF6_OCTOSPIM_P1;
 338              		.loc 1 131 0
 339 00a2 0324     		movs	r4, #3
 340 00a4 0894     		str	r4, [sp, #32]
 132:Core/Src/octospi.c ****     HAL_GPIO_Init(GPIOA, &GPIO_InitStruct);
 341              		.loc 1 132 0
 342 00a6 0623     		movs	r3, #6
 343 00a8 0993     		str	r3, [sp, #36]
 133:Core/Src/octospi.c **** 
 344              		.loc 1 133 0
 345 00aa DFF8AC80 		ldr	r8, .L19+16
 346 00ae 05A9     		add	r1, sp, #20
 347 00b0 4046     		mov	r0, r8
 348              	.LVL13:
 349 00b2 FFF7FEFF 		bl	HAL_GPIO_Init
 350              	.LVL14:
 135:Core/Src/octospi.c ****     GPIO_InitStruct.Mode = GPIO_MODE_AF_PP;
 351              		.loc 1 135 0
 352 00b6 8023     		movs	r3, #128
 353 00b8 0593     		str	r3, [sp, #20]
 136:Core/Src/octospi.c ****     GPIO_InitStruct.Pull = GPIO_NOPULL;
 354              		.loc 1 136 0
 355 00ba 0695     		str	r5, [sp, #24]
 137:Core/Src/octospi.c ****     GPIO_InitStruct.Speed = GPIO_SPEED_FREQ_VERY_HIGH;
 356              		.loc 1 137 0
 357 00bc 0026     		movs	r6, #0
 358 00be 0796     		str	r6, [sp, #28]
 138:Core/Src/octospi.c ****     GPIO_InitStruct.Alternate = GPIO_AF10_OCTOSPIM_P1;
 359              		.loc 1 138 0
 360 00c0 0894     		str	r4, [sp, #32]
 139:Core/Src/octospi.c ****     HAL_GPIO_Init(GPIOA, &GPIO_InitStruct);
 361              		.loc 1 139 0
 362 00c2 0A27     		movs	r7, #10
 363 00c4 0997     		str	r7, [sp, #36]
 140:Core/Src/octospi.c **** 
 364              		.loc 1 140 0
 365 00c6 05A9     		add	r1, sp, #20
 366 00c8 4046     		mov	r0, r8
 367 00ca FFF7FEFF 		bl	HAL_GPIO_Init
 368              	.LVL15:
 142:Core/Src/octospi.c ****     GPIO_InitStruct.Mode = GPIO_MODE_AF_PP;
 369              		.loc 1 142 0
 370 00ce 2023     		movs	r3, #32
ARM GAS  /tmp/ccEGW6HE.s 			page 11


 371 00d0 0593     		str	r3, [sp, #20]
 143:Core/Src/octospi.c ****     GPIO_InitStruct.Pull = GPIO_NOPULL;
 372              		.loc 1 143 0
 373 00d2 0695     		str	r5, [sp, #24]
 144:Core/Src/octospi.c ****     GPIO_InitStruct.Speed = GPIO_SPEED_FREQ_VERY_HIGH;
 374              		.loc 1 144 0
 375 00d4 0796     		str	r6, [sp, #28]
 145:Core/Src/octospi.c ****     GPIO_InitStruct.Alternate = GPIO_AF10_OCTOSPIM_P1;
 376              		.loc 1 145 0
 377 00d6 0894     		str	r4, [sp, #32]
 146:Core/Src/octospi.c ****     HAL_GPIO_Init(GPIOC, &GPIO_InitStruct);
 378              		.loc 1 146 0
 379 00d8 0997     		str	r7, [sp, #36]
 147:Core/Src/octospi.c **** 
 380              		.loc 1 147 0
 381 00da 05A9     		add	r1, sp, #20
 382 00dc 1C48     		ldr	r0, .L19+8
 383 00de FFF7FEFF 		bl	HAL_GPIO_Init
 384              	.LVL16:
 149:Core/Src/octospi.c ****     GPIO_InitStruct.Mode = GPIO_MODE_AF_PP;
 385              		.loc 1 149 0
 386 00e2 0594     		str	r4, [sp, #20]
 150:Core/Src/octospi.c ****     GPIO_InitStruct.Pull = GPIO_NOPULL;
 387              		.loc 1 150 0
 388 00e4 0695     		str	r5, [sp, #24]
 151:Core/Src/octospi.c ****     GPIO_InitStruct.Speed = GPIO_SPEED_FREQ_VERY_HIGH;
 389              		.loc 1 151 0
 390 00e6 0796     		str	r6, [sp, #28]
 152:Core/Src/octospi.c ****     GPIO_InitStruct.Alternate = GPIO_AF4_OCTOSPIM_P1;
 391              		.loc 1 152 0
 392 00e8 0894     		str	r4, [sp, #32]
 153:Core/Src/octospi.c ****     HAL_GPIO_Init(GPIOB, &GPIO_InitStruct);
 393              		.loc 1 153 0
 394 00ea 4FF00409 		mov	r9, #4
 395 00ee CDF82490 		str	r9, [sp, #36]
 154:Core/Src/octospi.c **** 
 396              		.loc 1 154 0
 397 00f2 08F58068 		add	r8, r8, #1024
 398 00f6 05A9     		add	r1, sp, #20
 399 00f8 4046     		mov	r0, r8
 400 00fa FFF7FEFF 		bl	HAL_GPIO_Init
 401              	.LVL17:
 156:Core/Src/octospi.c ****     GPIO_InitStruct.Mode = GPIO_MODE_AF_PP;
 402              		.loc 1 156 0
 403 00fe CDF81490 		str	r9, [sp, #20]
 157:Core/Src/octospi.c ****     GPIO_InitStruct.Pull = GPIO_NOPULL;
 404              		.loc 1 157 0
 405 0102 0695     		str	r5, [sp, #24]
 158:Core/Src/octospi.c ****     GPIO_InitStruct.Speed = GPIO_SPEED_FREQ_VERY_HIGH;
 406              		.loc 1 158 0
 407 0104 0796     		str	r6, [sp, #28]
 159:Core/Src/octospi.c ****     GPIO_InitStruct.Alternate = GPIO_AF9_OCTOSPIM_P1;
 408              		.loc 1 159 0
 409 0106 0894     		str	r4, [sp, #32]
 160:Core/Src/octospi.c ****     HAL_GPIO_Init(GPIOB, &GPIO_InitStruct);
 410              		.loc 1 160 0
 411 0108 0923     		movs	r3, #9
ARM GAS  /tmp/ccEGW6HE.s 			page 12


 412 010a 0993     		str	r3, [sp, #36]
 161:Core/Src/octospi.c **** 
 413              		.loc 1 161 0
 414 010c 05A9     		add	r1, sp, #20
 415 010e 4046     		mov	r0, r8
 416 0110 FFF7FEFF 		bl	HAL_GPIO_Init
 417              	.LVL18:
 163:Core/Src/octospi.c ****     GPIO_InitStruct.Mode = GPIO_MODE_AF_PP;
 418              		.loc 1 163 0
 419 0114 4FF4F063 		mov	r3, #1920
 420 0118 0593     		str	r3, [sp, #20]
 164:Core/Src/octospi.c ****     GPIO_InitStruct.Pull = GPIO_NOPULL;
 421              		.loc 1 164 0
 422 011a 0695     		str	r5, [sp, #24]
 165:Core/Src/octospi.c ****     GPIO_InitStruct.Speed = GPIO_SPEED_FREQ_VERY_HIGH;
 423              		.loc 1 165 0
 424 011c 0796     		str	r6, [sp, #28]
 166:Core/Src/octospi.c ****     GPIO_InitStruct.Alternate = GPIO_AF10_OCTOSPIM_P1;
 425              		.loc 1 166 0
 426 011e 0894     		str	r4, [sp, #32]
 167:Core/Src/octospi.c ****     HAL_GPIO_Init(GPIOE, &GPIO_InitStruct);
 427              		.loc 1 167 0
 428 0120 0997     		str	r7, [sp, #36]
 168:Core/Src/octospi.c **** 
 429              		.loc 1 168 0
 430 0122 0C4F     		ldr	r7, .L19+12
 431 0124 05A9     		add	r1, sp, #20
 432 0126 3846     		mov	r0, r7
 433 0128 FFF7FEFF 		bl	HAL_GPIO_Init
 434              	.LVL19:
 170:Core/Src/octospi.c ****     GPIO_InitStruct.Mode = GPIO_MODE_AF_PP;
 435              		.loc 1 170 0
 436 012c 4FF40063 		mov	r3, #2048
 437 0130 0593     		str	r3, [sp, #20]
 171:Core/Src/octospi.c ****     GPIO_InitStruct.Pull = GPIO_NOPULL;
 438              		.loc 1 171 0
 439 0132 0695     		str	r5, [sp, #24]
 172:Core/Src/octospi.c ****     GPIO_InitStruct.Speed = GPIO_SPEED_FREQ_VERY_HIGH;
 440              		.loc 1 172 0
 441 0134 0796     		str	r6, [sp, #28]
 173:Core/Src/octospi.c ****     GPIO_InitStruct.Alternate = GPIO_AF11_OCTOSPIM_P1;
 442              		.loc 1 173 0
 443 0136 0894     		str	r4, [sp, #32]
 174:Core/Src/octospi.c ****     HAL_GPIO_Init(GPIOE, &GPIO_InitStruct);
 444              		.loc 1 174 0
 445 0138 0B23     		movs	r3, #11
 446 013a 0993     		str	r3, [sp, #36]
 175:Core/Src/octospi.c **** 
 447              		.loc 1 175 0
 448 013c 05A9     		add	r1, sp, #20
 449 013e 3846     		mov	r0, r7
 450 0140 FFF7FEFF 		bl	HAL_GPIO_Init
 451              	.LVL20:
 452              		.loc 1 181 0
 453 0144 69E7     		b	.L15
 454              	.L20:
 455 0146 00BF     		.align	2
ARM GAS  /tmp/ccEGW6HE.s 			page 13


 456              	.L19:
 457 0148 00500052 		.word	1375752192
 458 014c 00440258 		.word	1476543488
 459 0150 00080258 		.word	1476528128
 460 0154 00100258 		.word	1476530176
 461 0158 00000258 		.word	1476526080
 462              		.cfi_endproc
 463              	.LFE142:
 465              		.section	.text.HAL_OSPI_MspDeInit,"ax",%progbits
 466              		.align	1
 467              		.global	HAL_OSPI_MspDeInit
 468              		.syntax unified
 469              		.thumb
 470              		.thumb_func
 471              		.fpu fpv5-d16
 473              	HAL_OSPI_MspDeInit:
 474              	.LFB143:
 182:Core/Src/octospi.c **** 
 183:Core/Src/octospi.c **** void HAL_OSPI_MspDeInit(OSPI_HandleTypeDef* ospiHandle)
 184:Core/Src/octospi.c **** {
 475              		.loc 1 184 0
 476              		.cfi_startproc
 477              		@ args = 0, pretend = 0, frame = 0
 478              		@ frame_needed = 0, uses_anonymous_args = 0
 479              	.LVL21:
 480 0000 08B5     		push	{r3, lr}
 481              	.LCFI8:
 482              		.cfi_def_cfa_offset 8
 483              		.cfi_offset 3, -8
 484              		.cfi_offset 14, -4
 185:Core/Src/octospi.c **** 
 186:Core/Src/octospi.c ****   if(ospiHandle->Instance==OCTOSPI1)
 485              		.loc 1 186 0
 486 0002 0268     		ldr	r2, [r0]
 487 0004 0E4B     		ldr	r3, .L25
 488 0006 9A42     		cmp	r2, r3
 489 0008 00D0     		beq	.L24
 490              	.LVL22:
 491              	.L21:
 187:Core/Src/octospi.c ****   {
 188:Core/Src/octospi.c ****   /* USER CODE BEGIN OCTOSPI1_MspDeInit 0 */
 189:Core/Src/octospi.c **** 
 190:Core/Src/octospi.c ****   /* USER CODE END OCTOSPI1_MspDeInit 0 */
 191:Core/Src/octospi.c ****     /* Peripheral clock disable */
 192:Core/Src/octospi.c ****     __HAL_RCC_OSPI1_CLK_DISABLE();
 193:Core/Src/octospi.c **** 
 194:Core/Src/octospi.c ****     /**OCTOSPI1 GPIO Configuration
 195:Core/Src/octospi.c ****     PA6     ------> OCTOSPIM_P1_IO3
 196:Core/Src/octospi.c ****     PA7     ------> OCTOSPIM_P1_IO2
 197:Core/Src/octospi.c ****     PC5     ------> OCTOSPIM_P1_DQS
 198:Core/Src/octospi.c ****     PB0     ------> OCTOSPIM_P1_IO1
 199:Core/Src/octospi.c ****     PB1     ------> OCTOSPIM_P1_IO0
 200:Core/Src/octospi.c ****     PB2     ------> OCTOSPIM_P1_CLK
 201:Core/Src/octospi.c ****     PE7     ------> OCTOSPIM_P1_IO4
 202:Core/Src/octospi.c ****     PE8     ------> OCTOSPIM_P1_IO5
 203:Core/Src/octospi.c ****     PE9     ------> OCTOSPIM_P1_IO6
 204:Core/Src/octospi.c ****     PE10     ------> OCTOSPIM_P1_IO7
ARM GAS  /tmp/ccEGW6HE.s 			page 14


 205:Core/Src/octospi.c ****     PE11     ------> OCTOSPIM_P1_NCS
 206:Core/Src/octospi.c ****     */
 207:Core/Src/octospi.c ****     HAL_GPIO_DeInit(GPIOA, GPIO_PIN_6|GPIO_PIN_7);
 208:Core/Src/octospi.c **** 
 209:Core/Src/octospi.c ****     HAL_GPIO_DeInit(GPIOC, GPIO_PIN_5);
 210:Core/Src/octospi.c **** 
 211:Core/Src/octospi.c ****     HAL_GPIO_DeInit(GPIOB, GPIO_PIN_0|GPIO_PIN_1|GPIO_PIN_2);
 212:Core/Src/octospi.c **** 
 213:Core/Src/octospi.c ****     HAL_GPIO_DeInit(GPIOE, GPIO_PIN_7|GPIO_PIN_8|GPIO_PIN_9|GPIO_PIN_10
 214:Core/Src/octospi.c ****                           |GPIO_PIN_11);
 215:Core/Src/octospi.c **** 
 216:Core/Src/octospi.c ****   /* USER CODE BEGIN OCTOSPI1_MspDeInit 1 */
 217:Core/Src/octospi.c **** 
 218:Core/Src/octospi.c ****   /* USER CODE END OCTOSPI1_MspDeInit 1 */
 219:Core/Src/octospi.c ****   }
 220:Core/Src/octospi.c **** }
 492              		.loc 1 220 0
 493 000a 08BD     		pop	{r3, pc}
 494              	.LVL23:
 495              	.L24:
 192:Core/Src/octospi.c **** 
 496              		.loc 1 192 0
 497 000c 0D4A     		ldr	r2, .L25+4
 498 000e D2F8D430 		ldr	r3, [r2, #212]
 499 0012 23F48043 		bic	r3, r3, #16384
 500 0016 C2F8D430 		str	r3, [r2, #212]
 207:Core/Src/octospi.c **** 
 501              		.loc 1 207 0
 502 001a C021     		movs	r1, #192
 503 001c 0A48     		ldr	r0, .L25+8
 504              	.LVL24:
 505 001e FFF7FEFF 		bl	HAL_GPIO_DeInit
 506              	.LVL25:
 209:Core/Src/octospi.c **** 
 507              		.loc 1 209 0
 508 0022 2021     		movs	r1, #32
 509 0024 0948     		ldr	r0, .L25+12
 510 0026 FFF7FEFF 		bl	HAL_GPIO_DeInit
 511              	.LVL26:
 211:Core/Src/octospi.c **** 
 512              		.loc 1 211 0
 513 002a 0721     		movs	r1, #7
 514 002c 0848     		ldr	r0, .L25+16
 515 002e FFF7FEFF 		bl	HAL_GPIO_DeInit
 516              	.LVL27:
 213:Core/Src/octospi.c ****                           |GPIO_PIN_11);
 517              		.loc 1 213 0
 518 0032 4FF47861 		mov	r1, #3968
 519 0036 0748     		ldr	r0, .L25+20
 520 0038 FFF7FEFF 		bl	HAL_GPIO_DeInit
 521              	.LVL28:
 522              		.loc 1 220 0
 523 003c E5E7     		b	.L21
 524              	.L26:
 525 003e 00BF     		.align	2
 526              	.L25:
 527 0040 00500052 		.word	1375752192
ARM GAS  /tmp/ccEGW6HE.s 			page 15


 528 0044 00440258 		.word	1476543488
 529 0048 00000258 		.word	1476526080
 530 004c 00080258 		.word	1476528128
 531 0050 00040258 		.word	1476527104
 532 0054 00100258 		.word	1476530176
 533              		.cfi_endproc
 534              	.LFE143:
 536              		.comm	hospi1,96,4
 537              		.text
 538              	.Letext0:
 539              		.file 2 "/usr/include/newlib/machine/_default_types.h"
 540              		.file 3 "/usr/include/newlib/sys/_stdint.h"
 541              		.file 4 "Drivers/CMSIS/Include/core_cm7.h"
 542              		.file 5 "Drivers/CMSIS/Device/ST/STM32H7xx/Include/system_stm32h7xx.h"
 543              		.file 6 "Drivers/CMSIS/Device/ST/STM32H7xx/Include/stm32h723xx.h"
 544              		.file 7 "/usr/include/newlib/sys/lock.h"
 545              		.file 8 "/usr/include/newlib/sys/_types.h"
 546              		.file 9 "/usr/lib/gcc/arm-none-eabi/7.3.1/include/stddef.h"
 547              		.file 10 "/usr/include/newlib/sys/reent.h"
 548              		.file 11 "/usr/include/newlib/math.h"
 549              		.file 12 "Drivers/STM32H7xx_HAL_Driver/Inc/stm32h7xx_hal_def.h"
 550              		.file 13 "Drivers/STM32H7xx_HAL_Driver/Inc/stm32h7xx_hal_gpio.h"
 551              		.file 14 "Drivers/STM32H7xx_HAL_Driver/Inc/stm32h7xx_hal_mdma.h"
 552              		.file 15 "Drivers/STM32H7xx_HAL_Driver/Inc/stm32h7xx_hal_flash.h"
 553              		.file 16 "Drivers/STM32H7xx_HAL_Driver/Inc/stm32h7xx_hal_ospi.h"
 554              		.file 17 "Drivers/STM32H7xx_HAL_Driver/Inc/stm32h7xx_hal.h"
 555              		.file 18 "Core/Inc/octospi.h"
 556              		.file 19 "Core/Inc/main.h"
ARM GAS  /tmp/ccEGW6HE.s 			page 16


DEFINED SYMBOLS
                            *ABS*:0000000000000000 octospi.c
     /tmp/ccEGW6HE.s:17     .text.MX_OCTOSPI1_Init:0000000000000000 $t
     /tmp/ccEGW6HE.s:24     .text.MX_OCTOSPI1_Init:0000000000000000 MX_OCTOSPI1_Init
     /tmp/ccEGW6HE.s:223    .text.MX_OCTOSPI1_Init:0000000000000100 $d
                            *COM*:0000000000000060 hospi1
     /tmp/ccEGW6HE.s:229    .text.HAL_OSPI_MspInit:0000000000000000 $t
     /tmp/ccEGW6HE.s:236    .text.HAL_OSPI_MspInit:0000000000000000 HAL_OSPI_MspInit
     /tmp/ccEGW6HE.s:457    .text.HAL_OSPI_MspInit:0000000000000148 $d
     /tmp/ccEGW6HE.s:466    .text.HAL_OSPI_MspDeInit:0000000000000000 $t
     /tmp/ccEGW6HE.s:473    .text.HAL_OSPI_MspDeInit:0000000000000000 HAL_OSPI_MspDeInit
     /tmp/ccEGW6HE.s:527    .text.HAL_OSPI_MspDeInit:0000000000000040 $d

UNDEFINED SYMBOLS
HAL_OSPI_Init
HAL_OSPIM_Config
HAL_OSPI_HyperbusCfg
HAL_OSPI_HyperbusCmd
HAL_OSPI_MemoryMapped
Error_Handler
HAL_GPIO_Init
HAL_GPIO_DeInit
